2018-07-25 14:30:36 DEBUG ExcelUtility:32 - Workbook : C:\Users\aditya.p\Desktop\Automate2\agentaSnapDemo\src\main\java\com\agentaDemo\resource\ExcelData.xlsxSheet nameAgentaTest
2018-07-25 14:30:36 DEBUG baseClass:33 - Excel File name is C:\Users\aditya.p\Desktop\Automate2\agentaSnapDemo\src\main\java\com\agentaDemo\resource\ExcelData.xlsx
2018-07-25 14:30:36 DEBUG ExcelUtility:83 - text begin
2018-07-25 14:30:36 DEBUG ExcelUtility:87 - text end
2018-07-25 14:30:36 DEBUG ExcelUtility:45 - Test Name is Test2
2018-07-25 14:30:36 DEBUG ExcelUtility:55 - Start row 4End Row 4Start Col 1End col 10
2018-07-25 14:30:36 DEBUG NotReadyAgenttoAgentCall:34 - data provider called for test2
2018-07-25 14:30:46 DEBUG baseClass:47 - chrome driver got initialized
2018-07-25 14:30:46 DEBUG baseClass:49 - set implicit wait
2018-07-25 14:30:53 DEBUG baseClass:57 - open : https://localhost:8080/
2018-07-25 14:30:53 DEBUG NotReadyAgenttoAgentCall:49 - ChromeDriver: chrome on XP (266d9f04f6fdfe80495add8f76171f81)
2018-07-25 14:31:13 DEBUG DriverInstantiate:30 - firefox driver instantiate
2018-07-25 14:31:16 DEBUG ExcelUtility:83 - text begin
2018-07-25 14:31:16 DEBUG ExcelUtility:87 - text end
2018-07-25 14:31:16 DEBUG ExcelUtility:45 - Test Name is Test1
2018-07-25 14:31:16 DEBUG ExcelUtility:55 - Start row 1End Row 1Start Col 1End col 4
2018-07-25 14:31:20 DEBUG baseClass:47 - chrome driver got initialized
2018-07-25 14:31:20 DEBUG baseClass:49 - set implicit wait
2018-07-25 14:31:25 DEBUG baseClass:57 - open : https://localhost:8080/
2018-07-25 14:31:25 DEBUG NotReadyAgenttoAgentCall:165 - ChromeDriver: chrome on XP (fcc20bebeef104cd43b9e092c907132d)
2018-07-25 14:31:36 DEBUG baseClass:72 - chrome driver quit
2018-07-25 14:31:42 DEBUG baseClass:76 - firefox driver quit
2018-07-25 14:34:05 DEBUG ExcelUtility:32 - Workbook : C:\Users\aditya.p\Desktop\Automate2\agentaSnapDemo\src\main\java\com\agentaDemo\resource\ExcelData.xlsxSheet nameAgentaTest
2018-07-25 14:34:05 DEBUG baseClass:33 - Excel File name is C:\Users\aditya.p\Desktop\Automate2\agentaSnapDemo\src\main\java\com\agentaDemo\resource\ExcelData.xlsx
2018-07-25 14:34:05 DEBUG ExcelUtility:83 - text begin
2018-07-25 14:34:05 DEBUG ExcelUtility:87 - text end
2018-07-25 14:34:05 DEBUG ExcelUtility:45 - Test Name is Test2
2018-07-25 14:34:05 DEBUG ExcelUtility:55 - Start row 4End Row 4Start Col 1End col 10
2018-07-25 14:34:05 DEBUG NotReadyAgenttoAgentCall:34 - data provider called for test2
2018-07-25 14:34:11 DEBUG baseClass:47 - chrome driver got initialized
2018-07-25 14:34:11 DEBUG baseClass:49 - set implicit wait
2018-07-25 14:34:16 DEBUG baseClass:57 - open : https://localhost:8080/
2018-07-25 14:34:16 DEBUG NotReadyAgenttoAgentCall:49 - ChromeDriver: chrome on XP (73456c90ca712a9e66a9615c45084562)
2018-07-25 14:34:30 DEBUG DriverInstantiate:30 - firefox driver instantiate
2018-07-25 14:34:32 DEBUG baseClass:57 - open : https://localhost:8080/
2018-07-25 14:34:32 DEBUG NotReadyAgenttoAgentCall:57 - FirefoxDriver: firefox on XP (3bddb32c-18a2-49d8-8a05-435c5e40b67a)
2018-07-25 14:34:36 DEBUG DriverInstantiate:40 - Chrome driver instantiate
2018-07-25 14:34:41 DEBUG baseClass:57 - open : https://localhost:8080/
2018-07-25 14:34:41 DEBUG NotReadyAgenttoAgentCall:65 - ChromeDriver: chrome on XP (ba37d35d9cdbed39fd3022369b3ab44c)
2018-07-25 14:34:42 DEBUG LoginPage:31 - enter user id : 749932
2018-07-25 14:34:42 DEBUG LoginPage:36 - enter pwd : 123456
2018-07-25 14:34:43 DEBUG LoginPage:41 - enter Extension : 749932
2018-07-25 14:34:43 DEBUG LoginPage:46 - click SignIn button
2018-07-25 14:35:18 DEBUG ExcelUtility:83 - text begin
2018-07-25 14:35:18 DEBUG ExcelUtility:87 - text end
2018-07-25 14:35:18 DEBUG ExcelUtility:45 - Test Name is Test1
2018-07-25 14:35:18 DEBUG ExcelUtility:55 - Start row 1End Row 1Start Col 1End col 4
2018-07-25 14:35:21 DEBUG baseClass:47 - chrome driver got initialized
2018-07-25 14:35:22 DEBUG baseClass:49 - set implicit wait
2018-07-25 14:35:27 DEBUG baseClass:57 - open : https://localhost:8080/
2018-07-25 14:35:27 DEBUG NotReadyAgenttoAgentCall:165 - ChromeDriver: chrome on XP (37222df1cdaf8f011840469698ed9ec3)
2018-07-25 14:35:32 DEBUG LoginPage:31 - enter user id : 749932
2018-07-25 14:35:33 DEBUG LoginPage:36 - enter pwd : 123456
2018-07-25 14:35:33 DEBUG LoginPage:41 - enter Extension : 749932
2018-07-25 14:35:34 DEBUG LoginPage:46 - click SignIn button
2018-07-25 14:35:34 DEBUG NotReadyAgenttoAgentCall:178 - Sign in button clicked for Chrome
2018-07-25 14:36:05 DEBUG baseClass:72 - chrome driver quit
2018-07-25 14:36:09 DEBUG baseClass:76 - firefox driver quit
2018-07-25 14:36:10 DEBUG baseClass:80 - Chrome2 driver quit
2018-07-25 14:37:23 DEBUG ExcelUtility:32 - Workbook : C:\Users\aditya.p\Desktop\Automate2\agentaSnapDemo\src\main\java\com\agentaDemo\resource\ExcelData.xlsxSheet nameAgentaTest
2018-07-25 14:37:23 DEBUG baseClass:33 - Excel File name is C:\Users\aditya.p\Desktop\Automate2\agentaSnapDemo\src\main\java\com\agentaDemo\resource\ExcelData.xlsx
2018-07-25 14:37:23 DEBUG ExcelUtility:83 - text begin
2018-07-25 14:37:23 DEBUG ExcelUtility:87 - text end
2018-07-25 14:37:23 DEBUG ExcelUtility:45 - Test Name is Test2
2018-07-25 14:37:23 DEBUG ExcelUtility:55 - Start row 4End Row 4Start Col 1End col 10
2018-07-25 14:37:23 DEBUG NotReadyAgenttoAgentCall:34 - data provider called for test2
2018-07-25 14:37:30 DEBUG baseClass:47 - chrome driver got initialized
2018-07-25 14:37:30 DEBUG baseClass:49 - set implicit wait
2018-07-25 14:37:35 DEBUG baseClass:57 - open : https://localhost:8080/
2018-07-25 14:37:35 DEBUG NotReadyAgenttoAgentCall:49 - ChromeDriver: chrome on XP (ec0df555772f82c3710f6746ebc1544e)
2018-07-25 14:37:49 DEBUG DriverInstantiate:30 - firefox driver instantiate
2018-07-25 14:37:54 DEBUG baseClass:57 - open : https://localhost:8080/
2018-07-25 14:37:54 DEBUG NotReadyAgenttoAgentCall:57 - FirefoxDriver: firefox on XP (55b8808b-a18c-4e61-bf67-943d2d0f9bd5)
2018-07-25 14:37:57 DEBUG DriverInstantiate:40 - Chrome driver instantiate
2018-07-25 14:38:02 DEBUG baseClass:57 - open : https://localhost:8080/
2018-07-25 14:38:02 DEBUG NotReadyAgenttoAgentCall:65 - ChromeDriver: chrome on XP (c69fff1455fd26ff60cb455c002e91bd)
2018-07-25 14:38:03 DEBUG LoginPage:31 - enter user id : 749932
2018-07-25 14:38:03 DEBUG LoginPage:36 - enter pwd : 123456
2018-07-25 14:38:04 DEBUG LoginPage:41 - enter Extension : 749932
2018-07-25 14:38:04 DEBUG LoginPage:46 - click SignIn button
2018-07-25 14:38:34 DEBUG LoginPage:31 - enter user id : 749937
2018-07-25 14:38:34 DEBUG LoginPage:36 - enter pwd : 123456
2018-07-25 14:38:35 DEBUG LoginPage:41 - enter Extension : 749937
2018-07-25 14:38:35 DEBUG LoginPage:46 - click SignIn button
2018-07-25 14:39:05 DEBUG LoginPage:31 - enter user id : 749934
2018-07-25 14:39:06 DEBUG LoginPage:36 - enter pwd : 123456
2018-07-25 14:39:06 DEBUG LoginPage:41 - enter Extension : 749934
2018-07-25 14:39:11 DEBUG LoginPage:46 - click SignIn button
2018-07-25 14:39:42 DEBUG MainPage:38 - Click on keyboard on Main page 
2018-07-25 14:39:43 DEBUG DialPadPage:87 - Clicked on 7
2018-07-25 14:39:43 DEBUG DialPadPage:72 - Clicked on 4
2018-07-25 14:39:43 DEBUG DialPadPage:97 - Clicked on 9
2018-07-25 14:39:43 DEBUG DialPadPage:97 - Clicked on 9
2018-07-25 14:39:44 DEBUG DialPadPage:67 - Clicked on 3
2018-07-25 14:39:44 DEBUG DialPadPage:87 - Clicked on 7
2018-07-25 14:39:44 DEBUG DialPadPage:117 - Clicked on callBtn
2018-07-25 14:39:44 DEBUG NotReadyAgenttoAgentCall:102 - Click on call button
2018-07-25 14:39:48 DEBUG ExcelUtility:83 - text begin
2018-07-25 14:39:48 DEBUG ExcelUtility:87 - text end
2018-07-25 14:39:48 DEBUG ExcelUtility:45 - Test Name is Test1
2018-07-25 14:39:48 DEBUG ExcelUtility:55 - Start row 1End Row 1Start Col 1End col 4
2018-07-25 14:39:51 DEBUG baseClass:47 - chrome driver got initialized
2018-07-25 14:39:51 DEBUG baseClass:49 - set implicit wait
2018-07-25 14:39:57 DEBUG baseClass:57 - open : https://localhost:8080/
2018-07-25 14:39:57 DEBUG NotReadyAgenttoAgentCall:165 - ChromeDriver: chrome on XP (a07b7c0e70af906ea79d461f758a5f24)
2018-07-25 14:40:02 DEBUG LoginPage:31 - enter user id : 749932
2018-07-25 14:40:03 DEBUG LoginPage:36 - enter pwd : 123456
2018-07-25 14:40:03 DEBUG LoginPage:41 - enter Extension : 749932
2018-07-25 14:40:03 DEBUG LoginPage:46 - click SignIn button
2018-07-25 14:40:03 DEBUG NotReadyAgenttoAgentCall:178 - Sign in button clicked for Chrome
2018-07-25 14:40:38 DEBUG baseClass:72 - chrome driver quit
2018-07-25 14:40:42 DEBUG baseClass:76 - firefox driver quit
2018-07-25 14:40:43 DEBUG baseClass:80 - Chrome2 driver quit
2018-07-25 14:41:41 DEBUG ExcelUtility:32 - Workbook : C:\Users\aditya.p\Desktop\Automate2\agentaSnapDemo\src\main\java\com\agentaDemo\resource\ExcelData.xlsxSheet nameAgentaTest
2018-07-25 14:41:41 DEBUG baseClass:33 - Excel File name is C:\Users\aditya.p\Desktop\Automate2\agentaSnapDemo\src\main\java\com\agentaDemo\resource\ExcelData.xlsx
2018-07-25 14:41:41 DEBUG ExcelUtility:83 - text begin
2018-07-25 14:41:41 DEBUG ExcelUtility:87 - text end
2018-07-25 14:41:41 DEBUG ExcelUtility:45 - Test Name is Test2
2018-07-25 14:41:41 DEBUG ExcelUtility:55 - Start row 4End Row 4Start Col 1End col 10
2018-07-25 14:41:41 DEBUG NotReadyAgenttoAgentCall:34 - data provider called for test2
2018-07-25 14:41:49 DEBUG baseClass:47 - chrome driver got initialized
2018-07-25 14:41:49 DEBUG baseClass:49 - set implicit wait
2018-07-25 14:41:53 DEBUG baseClass:57 - open : https://localhost:8080/
2018-07-25 14:41:53 DEBUG NotReadyAgenttoAgentCall:49 - ChromeDriver: chrome on XP (ca3075031f873a1579fcaeefdf6f967b)
2018-07-25 14:42:07 DEBUG DriverInstantiate:30 - firefox driver instantiate
2018-07-25 14:42:11 DEBUG baseClass:57 - open : https://localhost:8080/
2018-07-25 14:42:11 DEBUG NotReadyAgenttoAgentCall:57 - FirefoxDriver: firefox on XP (e5d78428-fd47-440e-8cd7-ab35a8b66eb1)
2018-07-25 14:42:15 DEBUG DriverInstantiate:40 - Chrome driver instantiate
2018-07-25 14:42:21 DEBUG baseClass:57 - open : https://localhost:8080/
2018-07-25 14:42:21 DEBUG NotReadyAgenttoAgentCall:65 - ChromeDriver: chrome on XP (f5f59cf2303ef679df8ecac222497f32)
2018-07-25 14:42:22 DEBUG LoginPage:31 - enter user id : 749932
2018-07-25 14:42:22 DEBUG LoginPage:36 - enter pwd : 123456
2018-07-25 14:42:22 DEBUG LoginPage:41 - enter Extension : 749932
2018-07-25 14:42:23 DEBUG LoginPage:46 - click SignIn button
2018-07-25 14:42:53 DEBUG LoginPage:31 - enter user id : 749937
2018-07-25 14:42:53 DEBUG LoginPage:36 - enter pwd : 123456
2018-07-25 14:42:53 DEBUG LoginPage:41 - enter Extension : 749937
2018-07-25 14:42:53 DEBUG LoginPage:46 - click SignIn button
2018-07-25 14:43:24 DEBUG LoginPage:31 - enter user id : 749934
2018-07-25 14:43:24 DEBUG LoginPage:36 - enter pwd : 123456
2018-07-25 14:43:24 DEBUG LoginPage:41 - enter Extension : 749934
2018-07-25 14:43:25 DEBUG LoginPage:46 - click SignIn button
2018-07-25 14:43:56 DEBUG MainPage:38 - Click on keyboard on Main page 
2018-07-25 14:43:56 DEBUG DialPadPage:87 - Clicked on 7
2018-07-25 14:43:56 DEBUG DialPadPage:72 - Clicked on 4
2018-07-25 14:43:56 DEBUG DialPadPage:97 - Clicked on 9
2018-07-25 14:43:57 DEBUG DialPadPage:97 - Clicked on 9
2018-07-25 14:43:57 DEBUG DialPadPage:67 - Clicked on 3
2018-07-25 14:43:57 DEBUG DialPadPage:87 - Clicked on 7
2018-07-25 14:43:57 DEBUG DialPadPage:117 - Clicked on callBtn
2018-07-25 14:43:57 DEBUG NotReadyAgenttoAgentCall:102 - Click on call button
2018-07-25 14:44:01 DEBUG OutboundCallAnsPage:18 - Click on call answer button
2018-07-25 14:44:01 DEBUG NotReadyAgenttoAgentCall:110 - Clicked on FF answer
2018-07-25 14:44:04 DEBUG OutboundCallAnsPage:43 - Click on consult button
2018-07-25 14:44:05 DEBUG DialPadPage:87 - Clicked on 7
2018-07-25 14:44:05 DEBUG DialPadPage:72 - Clicked on 4
2018-07-25 14:44:05 DEBUG DialPadPage:97 - Clicked on 9
2018-07-25 14:44:06 DEBUG DialPadPage:97 - Clicked on 9
2018-07-25 14:44:06 DEBUG DialPadPage:67 - Clicked on 3
2018-07-25 14:44:06 DEBUG DialPadPage:72 - Clicked on 4
2018-07-25 14:44:06 DEBUG DialPadPage:117 - Clicked on callBtn
2018-07-25 14:44:10 DEBUG OutboundCallAnsPage:18 - Click on call answer button
2018-07-25 14:44:10 DEBUG OutboundCallAnsPage:91 - Click on first tab to do conference
2018-07-25 14:44:13 DEBUG OutboundCallAnsPage:107 - Click on Conference button
2018-07-25 14:44:13 DEBUG OutboundCallAnsPage:59 - Click on call end Call button
2018-07-25 14:44:15 DEBUG OutboundCallAnsPage:59 - Click on call end Call button
2018-07-25 14:44:17 DEBUG ExcelUtility:83 - text begin
2018-07-25 14:44:17 DEBUG ExcelUtility:87 - text end
2018-07-25 14:44:17 DEBUG ExcelUtility:45 - Test Name is Test1
2018-07-25 14:44:17 DEBUG ExcelUtility:55 - Start row 1End Row 1Start Col 1End col 4
2018-07-25 14:44:22 DEBUG baseClass:47 - chrome driver got initialized
2018-07-25 14:44:22 DEBUG baseClass:49 - set implicit wait
2018-07-25 14:44:26 DEBUG baseClass:57 - open : https://localhost:8080/
2018-07-25 14:44:26 DEBUG NotReadyAgenttoAgentCall:165 - ChromeDriver: chrome on XP (29d23920cf92a3cb3985aff60855d6e1)
2018-07-25 14:44:32 DEBUG LoginPage:31 - enter user id : 749932
2018-07-25 14:44:32 DEBUG LoginPage:36 - enter pwd : 123456
2018-07-25 14:44:32 DEBUG LoginPage:41 - enter Extension : 749932
2018-07-25 14:44:33 DEBUG LoginPage:46 - click SignIn button
2018-07-25 14:44:33 DEBUG NotReadyAgenttoAgentCall:178 - Sign in button clicked for Chrome
2018-07-25 14:45:08 DEBUG baseClass:72 - chrome driver quit
2018-07-25 14:45:12 DEBUG baseClass:76 - firefox driver quit
2018-07-25 14:45:13 DEBUG baseClass:80 - Chrome2 driver quit
2018-07-25 16:46:36 DEBUG ExcelUtility:32 - Workbook : C:\Users\aditya.p\Desktop\Automate2\agentaSnapDemo\src\main\java\com\agentaDemo\resource\ExcelData.xlsxSheet nameAgentaTest
2018-07-25 16:46:36 DEBUG baseClass:33 - Excel File name is C:\Users\aditya.p\Desktop\Automate2\agentaSnapDemo\src\main\java\com\agentaDemo\resource\ExcelData.xlsx
2018-07-25 16:46:44 DEBUG baseClass:47 - chrome driver got initialized
2018-07-25 16:46:44 DEBUG baseClass:49 - set implicit wait
2018-07-25 16:46:46 DEBUG baseClass:72 - chrome driver quit
2018-07-25 16:48:06 DEBUG ExcelUtility:32 - Workbook : C:\Users\aditya.p\Desktop\Automate2\agentaSnapDemo\src\main\java\com\agentaDemo\resource\ExcelData.xlsxSheet nameAgentaTest
2018-07-25 16:48:06 DEBUG baseClass:33 - Excel File name is C:\Users\aditya.p\Desktop\Automate2\agentaSnapDemo\src\main\java\com\agentaDemo\resource\ExcelData.xlsx
2018-07-25 16:48:12 DEBUG baseClass:47 - chrome driver got initialized
2018-07-25 16:48:12 DEBUG baseClass:49 - set implicit wait
2018-07-25 16:49:01 DEBUG baseClass:57 - open : http://learn-automation.com/generate-xslt-report-in-selenium/
2018-07-25 16:49:04 DEBUG baseClass:72 - chrome driver quit
2018-07-25 16:55:19 DEBUG ExcelUtility:32 - Workbook : C:\Users\aditya.p\Desktop\Automate2\agentaSnapDemo\src\main\java\com\agentaDemo\resource\ExcelData.xlsxSheet nameAgentaTest
2018-07-25 16:55:19 DEBUG baseClass:33 - Excel File name is C:\Users\aditya.p\Desktop\Automate2\agentaSnapDemo\src\main\java\com\agentaDemo\resource\ExcelData.xlsx
2018-07-25 16:55:26 DEBUG baseClass:47 - chrome driver got initialized
2018-07-25 16:55:26 DEBUG baseClass:49 - set implicit wait
2018-07-25 16:56:34 DEBUG baseClass:57 - open : http://learn-automation.com/generate-xslt-report-in-selenium/
2018-07-25 16:56:38 DEBUG baseClass:72 - chrome driver quit
2018-07-25 17:15:29 DEBUG ExcelUtility:32 - Workbook : C:\Users\aditya.p\Desktop\Automate2\agentaSnapDemo\src\main\java\com\agentaDemo\resource\ExcelData.xlsxSheet nameAgentaTest
2018-07-25 17:15:29 DEBUG baseClass:33 - Excel File name is C:\Users\aditya.p\Desktop\Automate2\agentaSnapDemo\src\main\java\com\agentaDemo\resource\ExcelData.xlsx
2018-07-25 17:15:29 DEBUG ExcelUtility:83 - text begin
2018-07-25 17:15:29 DEBUG ExcelUtility:87 - text end
2018-07-25 17:15:29 DEBUG ExcelUtility:45 - Test Name is Test2
2018-07-25 17:15:29 DEBUG ExcelUtility:55 - Start row 4End Row 4Start Col 1End col 10
2018-07-25 17:15:29 DEBUG NotReadyAgenttoAgentCall:47 - data provider called for test2
2018-07-25 17:15:35 DEBUG baseClass:47 - chrome driver got initialized
2018-07-25 17:15:35 DEBUG baseClass:49 - set implicit wait
2018-07-25 17:15:39 DEBUG baseClass:57 - open : https://localhost:8080/
2018-07-25 17:15:39 DEBUG NotReadyAgenttoAgentCall:62 - ChromeDriver: chrome on XP (3cbcf0b8649335388a5ce8c779fc477a)
2018-07-25 17:15:53 DEBUG DriverInstantiate:28 - firefox driver instantiate
2018-07-25 17:15:58 DEBUG baseClass:57 - open : https://localhost:8080/
2018-07-25 17:15:58 DEBUG NotReadyAgenttoAgentCall:70 - FirefoxDriver: firefox on XP (1c75589f-93c9-4de6-b10a-8c1ff9ca55c8)
2018-07-25 17:16:05 DEBUG DriverInstantiate:38 - Chrome driver instantiate
2018-07-25 17:16:11 DEBUG baseClass:57 - open : https://localhost:8080/
2018-07-25 17:16:11 DEBUG NotReadyAgenttoAgentCall:78 - ChromeDriver: chrome on XP (890a3fa04cbd515d9665725fa16fbf45)
2018-07-25 17:16:12 DEBUG LoginPage:31 - enter user id : 749932
2018-07-25 17:16:12 DEBUG LoginPage:36 - enter pwd : 123456
2018-07-25 17:16:13 DEBUG LoginPage:41 - enter Extension : 749932
2018-07-25 17:16:13 DEBUG LoginPage:46 - click SignIn button
2018-07-25 17:16:43 DEBUG LoginPage:31 - enter user id : 749937
2018-07-25 17:16:43 DEBUG LoginPage:36 - enter pwd : 123456
2018-07-25 17:16:44 DEBUG LoginPage:41 - enter Extension : 749937
2018-07-25 17:16:44 DEBUG LoginPage:46 - click SignIn button
2018-07-25 17:17:15 DEBUG LoginPage:31 - enter user id : 749934
2018-07-25 17:17:15 DEBUG LoginPage:36 - enter pwd : 123456
2018-07-25 17:17:16 DEBUG LoginPage:41 - enter Extension : 749934
2018-07-25 17:17:21 DEBUG LoginPage:46 - click SignIn button
2018-07-25 17:17:57 DEBUG MainPage:38 - Click on keyboard on Main page 
2018-07-25 17:18:02 DEBUG DialPadPage:87 - Clicked on 7
2018-07-25 17:18:08 DEBUG DialPadPage:72 - Clicked on 4
2018-07-25 17:18:13 DEBUG DialPadPage:97 - Clicked on 9
2018-07-25 17:18:18 DEBUG DialPadPage:97 - Clicked on 9
2018-07-25 17:18:24 DEBUG DialPadPage:67 - Clicked on 3
2018-07-25 17:18:29 DEBUG DialPadPage:87 - Clicked on 7
2018-07-25 17:18:34 DEBUG DialPadPage:117 - Clicked on callBtn
2018-07-25 17:18:34 DEBUG NotReadyAgenttoAgentCall:115 - Click on call button
2018-07-25 17:18:38 DEBUG OutboundCallAnsPage:18 - Click on call answer button
2018-07-25 17:18:38 DEBUG NotReadyAgenttoAgentCall:123 - Clicked on FF answer
2018-07-25 17:18:42 DEBUG OutboundCallAnsPage:43 - Click on consult button
2018-07-25 17:18:42 DEBUG DialPadPage:87 - Clicked on 7
2018-07-25 17:18:42 DEBUG DialPadPage:72 - Clicked on 4
2018-07-25 17:18:42 DEBUG DialPadPage:97 - Clicked on 9
2018-07-25 17:18:43 DEBUG DialPadPage:97 - Clicked on 9
2018-07-25 17:18:43 DEBUG DialPadPage:67 - Clicked on 3
2018-07-25 17:18:43 DEBUG DialPadPage:72 - Clicked on 4
2018-07-25 17:18:43 DEBUG DialPadPage:117 - Clicked on callBtn
2018-07-25 17:18:47 DEBUG OutboundCallAnsPage:18 - Click on call answer button
2018-07-25 17:18:47 DEBUG OutboundCallAnsPage:91 - Click on first tab to do conference
2018-07-25 17:18:50 DEBUG OutboundCallAnsPage:107 - Click on Conference button
2018-07-25 17:18:50 DEBUG OutboundCallAnsPage:59 - Click on call end Call button
2018-07-25 17:18:52 DEBUG OutboundCallAnsPage:59 - Click on call end Call button
2018-07-25 17:19:00 DEBUG baseClass:47 - chrome driver got initialized
2018-07-25 17:19:00 DEBUG baseClass:49 - set implicit wait
2018-07-25 17:19:44 DEBUG baseClass:57 - open : http://learn-automation.com/generate-xslt-report-in-selenium/
2018-07-25 17:19:47 DEBUG baseClass:72 - chrome driver quit
2018-07-25 17:19:53 DEBUG baseClass:76 - firefox driver quit
2018-07-25 17:19:54 DEBUG baseClass:80 - Chrome2 driver quit
2018-07-25 17:20:57 DEBUG ExcelUtility:32 - Workbook : C:\Users\aditya.p\Desktop\Automate2\agentaSnapDemo\src\main\java\com\agentaDemo\resource\ExcelData.xlsxSheet nameAgentaTest
2018-07-25 17:20:57 DEBUG baseClass:33 - Excel File name is C:\Users\aditya.p\Desktop\Automate2\agentaSnapDemo\src\main\java\com\agentaDemo\resource\ExcelData.xlsx
2018-07-25 17:20:57 DEBUG ExcelUtility:83 - text begin
2018-07-25 17:20:57 DEBUG ExcelUtility:87 - text end
2018-07-25 17:20:57 DEBUG ExcelUtility:45 - Test Name is Test2
2018-07-25 17:20:57 DEBUG ExcelUtility:55 - Start row 4End Row 4Start Col 1End col 10
2018-07-25 17:20:57 DEBUG NotReadyAgenttoAgentCall:47 - data provider called for test2
2018-07-25 17:21:04 DEBUG baseClass:47 - chrome driver got initialized
2018-07-25 17:21:04 DEBUG baseClass:49 - set implicit wait
2018-07-25 17:21:08 DEBUG baseClass:57 - open : https://localhost:8080/
2018-07-25 17:21:08 DEBUG NotReadyAgenttoAgentCall:62 - ChromeDriver: chrome on XP (7069d421146fc25040582acf3fa6a99d)
2018-07-25 17:21:17 DEBUG DriverInstantiate:28 - firefox driver instantiate
2018-07-25 17:21:20 DEBUG baseClass:57 - open : https://localhost:8080/
2018-07-25 17:21:20 DEBUG NotReadyAgenttoAgentCall:70 - FirefoxDriver: firefox on XP (24994922-81d3-4c18-90a3-d95f8ab7c91d)
2018-07-25 17:21:24 DEBUG DriverInstantiate:38 - Chrome driver instantiate
2018-07-25 17:21:28 DEBUG baseClass:57 - open : https://localhost:8080/
2018-07-25 17:21:28 DEBUG NotReadyAgenttoAgentCall:78 - ChromeDriver: chrome on XP (08c34584a3fbd3d553a77a7f93373bfd)
2018-07-25 17:21:28 DEBUG LoginPage:31 - enter user id : 749932
2018-07-25 17:21:28 DEBUG LoginPage:36 - enter pwd : 123456
2018-07-25 17:21:28 DEBUG LoginPage:41 - enter Extension : 749932
2018-07-25 17:21:28 DEBUG LoginPage:46 - click SignIn button
2018-07-25 17:21:59 DEBUG LoginPage:31 - enter user id : 749937
2018-07-25 17:21:59 DEBUG LoginPage:36 - enter pwd : 123456
2018-07-25 17:21:59 DEBUG LoginPage:41 - enter Extension : 749937
2018-07-25 17:21:59 DEBUG LoginPage:46 - click SignIn button
2018-07-25 17:22:30 DEBUG LoginPage:31 - enter user id : 749934
2018-07-25 17:22:30 DEBUG LoginPage:36 - enter pwd : 123456
2018-07-25 17:22:30 DEBUG LoginPage:41 - enter Extension : 749934
2018-07-25 17:22:31 DEBUG LoginPage:46 - click SignIn button
2018-07-25 17:23:01 DEBUG MainPage:38 - Click on keyboard on Main page 
2018-07-25 17:23:02 DEBUG DialPadPage:87 - Clicked on 7
2018-07-25 17:23:02 DEBUG DialPadPage:72 - Clicked on 4
2018-07-25 17:23:03 DEBUG DialPadPage:97 - Clicked on 9
2018-07-25 17:23:03 DEBUG DialPadPage:97 - Clicked on 9
2018-07-25 17:23:04 DEBUG DialPadPage:67 - Clicked on 3
2018-07-25 17:23:04 DEBUG DialPadPage:87 - Clicked on 7
2018-07-25 17:23:04 DEBUG DialPadPage:117 - Clicked on callBtn
2018-07-25 17:23:04 DEBUG NotReadyAgenttoAgentCall:115 - Click on call button
2018-07-25 17:23:08 DEBUG OutboundCallAnsPage:18 - Click on call answer button
2018-07-25 17:23:08 DEBUG NotReadyAgenttoAgentCall:123 - Clicked on FF answer
2018-07-25 17:23:11 DEBUG OutboundCallAnsPage:43 - Click on consult button
2018-07-25 17:23:11 DEBUG DialPadPage:87 - Clicked on 7
2018-07-25 17:23:12 DEBUG DialPadPage:72 - Clicked on 4
2018-07-25 17:23:12 DEBUG DialPadPage:97 - Clicked on 9
2018-07-25 17:23:12 DEBUG DialPadPage:97 - Clicked on 9
2018-07-25 17:23:12 DEBUG DialPadPage:67 - Clicked on 3
2018-07-25 17:23:13 DEBUG DialPadPage:72 - Clicked on 4
2018-07-25 17:23:13 DEBUG DialPadPage:117 - Clicked on callBtn
2018-07-25 17:23:17 DEBUG OutboundCallAnsPage:18 - Click on call answer button
2018-07-25 17:23:17 DEBUG OutboundCallAnsPage:91 - Click on first tab to do conference
2018-07-25 17:23:20 DEBUG OutboundCallAnsPage:107 - Click on Conference button
2018-07-25 17:23:20 DEBUG OutboundCallAnsPage:59 - Click on call end Call button
2018-07-25 17:23:22 DEBUG OutboundCallAnsPage:59 - Click on call end Call button
2018-07-25 17:23:26 DEBUG baseClass:72 - chrome driver quit
2018-07-25 17:23:30 DEBUG baseClass:76 - firefox driver quit
2018-07-25 17:23:31 DEBUG baseClass:80 - Chrome2 driver quit
2018-07-25 17:23:34 DEBUG baseClass:47 - chrome driver got initialized
2018-07-25 17:23:34 DEBUG baseClass:49 - set implicit wait
2018-07-25 17:24:09 DEBUG baseClass:57 - open : http://learn-automation.com/generate-xslt-report-in-selenium/
2018-07-25 17:24:12 DEBUG baseClass:72 - chrome driver quit
2018-08-02 13:51:21 DEBUG ExcelUtility:32 - Workbook : C:\Users\aditya.p\Desktop\Automate2\agentaSnapDemo\src\main\java\com\agentaDemo\resource\ExcelData.xlsxSheet nameAgentaTest
2018-08-02 13:51:21 DEBUG baseClass:37 - Excel File name is C:\Users\aditya.p\Desktop\Automate2\agentaSnapDemo\src\main\java\com\agentaDemo\resource\ExcelData.xlsx
2018-08-02 13:51:31 DEBUG baseClass:52 - chrome driver got initialized
2018-08-02 13:51:31 DEBUG baseClass:54 - set implicit wait
2018-08-02 13:52:07 DEBUG baseClass:61 - open : http://learn-automation.com/generate-xslt-report-in-selenium/
2018-08-02 13:53:02 DEBUG baseClass:76 - chrome driver quit
2018-08-02 13:54:22 DEBUG ExcelUtility:32 - Workbook : C:\Users\aditya.p\Desktop\Automate2\agentaSnapDemo\src\main\java\com\agentaDemo\resource\ExcelData.xlsxSheet nameAgentaTest
2018-08-02 13:54:22 DEBUG baseClass:37 - Excel File name is C:\Users\aditya.p\Desktop\Automate2\agentaSnapDemo\src\main\java\com\agentaDemo\resource\ExcelData.xlsx
2018-08-02 13:54:27 DEBUG baseClass:52 - chrome driver got initialized
2018-08-02 13:54:27 DEBUG baseClass:54 - set implicit wait
2018-08-02 13:54:39 DEBUG baseClass:61 - open : http://www.qababu.com/2017/07/ashot-in-selenium-3-for-taking-full.html
2018-08-02 13:55:00 DEBUG baseClass:76 - chrome driver quit
2018-08-02 15:12:30 DEBUG ExcelUtility:32 - Workbook : C:\Users\aditya.p\Desktop\Automate2\agentaSnapDemo\src\main\java\com\agentaDemo\resource\ExcelData.xlsxSheet nameAgentaTest
2018-08-02 15:12:30 DEBUG baseClass:40 - Excel File name is C:\Users\aditya.p\Desktop\Automate2\agentaSnapDemo\src\main\java\com\agentaDemo\resource\ExcelData.xlsx
2018-08-02 15:12:35 DEBUG baseClass:55 - chrome driver got initialized
2018-08-02 15:12:36 DEBUG baseClass:57 - set implicit wait
2018-08-02 15:12:46 DEBUG baseClass:64 - open : http://www.qababu.com/2017/07/ashot-in-selenium-3-for-taking-full.html
2018-08-02 15:12:48 DEBUG baseClass:79 - chrome driver quit
2018-08-02 16:13:23 DEBUG ExcelUtility:32 - Workbook : C:\Users\aditya.p\Desktop\Automate2\agentaSnapDemo\src\main\java\com\agentaDemo\resource\ExcelData.xlsxSheet nameAgentaTest
2018-08-02 16:13:23 DEBUG baseClass:40 - Excel File name is C:\Users\aditya.p\Desktop\Automate2\agentaSnapDemo\src\main\java\com\agentaDemo\resource\ExcelData.xlsx
2018-08-02 16:13:28 DEBUG baseClass:55 - chrome driver got initialized
2018-08-02 16:13:28 DEBUG baseClass:57 - set implicit wait
2018-08-02 16:13:40 DEBUG baseClass:64 - open : http://www.qababu.com/2017/07/ashot-in-selenium-3-for-taking-full.html
2018-08-02 16:13:42 DEBUG baseClass:79 - chrome driver quit
2018-08-02 16:14:11 DEBUG ExcelUtility:32 - Workbook : C:\Users\aditya.p\Desktop\Automate2\agentaSnapDemo\src\main\java\com\agentaDemo\resource\ExcelData.xlsxSheet nameAgentaTest
2018-08-02 16:14:11 DEBUG baseClass:40 - Excel File name is C:\Users\aditya.p\Desktop\Automate2\agentaSnapDemo\src\main\java\com\agentaDemo\resource\ExcelData.xlsx
2018-08-02 16:14:16 DEBUG baseClass:55 - chrome driver got initialized
2018-08-02 16:14:16 DEBUG baseClass:57 - set implicit wait
2018-08-02 16:14:29 DEBUG baseClass:64 - open : http://www.qababu.com/2017/07/ashot-in-selenium-3-for-taking-full.html
2018-08-02 16:14:30 DEBUG baseClass:79 - chrome driver quit
2018-08-02 16:15:32 DEBUG ExcelUtility:32 - Workbook : C:\Users\aditya.p\Desktop\Automate2\agentaSnapDemo\src\main\java\com\agentaDemo\resource\ExcelData.xlsxSheet nameAgentaTest
2018-08-02 16:15:32 DEBUG baseClass:40 - Excel File name is C:\Users\aditya.p\Desktop\Automate2\agentaSnapDemo\src\main\java\com\agentaDemo\resource\ExcelData.xlsx
2018-08-02 16:15:37 DEBUG baseClass:55 - chrome driver got initialized
2018-08-02 16:15:37 DEBUG baseClass:57 - set implicit wait
2018-08-02 16:15:45 DEBUG baseClass:64 - open : http://www.qababu.com/2017/07/ashot-in-selenium-3-for-taking-full.html
2018-08-02 16:15:47 DEBUG baseClass:79 - chrome driver quit
2018-08-02 16:16:48 DEBUG ExcelUtility:32 - Workbook : C:\Users\aditya.p\Desktop\Automate2\agentaSnapDemo\src\main\java\com\agentaDemo\resource\ExcelData.xlsxSheet nameAgentaTest
2018-08-02 16:16:48 DEBUG baseClass:40 - Excel File name is C:\Users\aditya.p\Desktop\Automate2\agentaSnapDemo\src\main\java\com\agentaDemo\resource\ExcelData.xlsx
2018-08-02 16:16:53 DEBUG baseClass:55 - chrome driver got initialized
2018-08-02 16:16:53 DEBUG baseClass:57 - set implicit wait
2018-08-02 16:17:01 DEBUG baseClass:64 - open : http://www.qababu.com/2017/07/ashot-in-selenium-3-for-taking-full.html
2018-08-02 16:17:03 DEBUG baseClass:79 - chrome driver quit
2018-08-02 16:24:18 DEBUG ExcelUtility:32 - Workbook : C:\Users\aditya.p\Desktop\Automate2\agentaSnapDemo\src\main\java\com\agentaDemo\resource\ExcelData.xlsxSheet nameAgentaTest
2018-08-02 16:24:18 DEBUG baseClass:40 - Excel File name is C:\Users\aditya.p\Desktop\Automate2\agentaSnapDemo\src\main\java\com\agentaDemo\resource\ExcelData.xlsx
2018-08-02 16:24:22 DEBUG baseClass:55 - chrome driver got initialized
2018-08-02 16:24:22 DEBUG baseClass:57 - set implicit wait
2018-08-02 16:24:31 DEBUG baseClass:64 - open : http://www.qababu.com/2017/07/ashot-in-selenium-3-for-taking-full.html
2018-08-02 16:24:34 DEBUG baseClass:79 - chrome driver quit
2018-08-02 16:35:43 DEBUG ExcelUtility:32 - Workbook : C:\Users\aditya.p\Desktop\Automate2\agentaSnapDemo\src\main\java\com\agentaDemo\resource\ExcelData.xlsxSheet nameAgentaTest
2018-08-02 16:35:43 DEBUG baseClass:40 - Excel File name is C:\Users\aditya.p\Desktop\Automate2\agentaSnapDemo\src\main\java\com\agentaDemo\resource\ExcelData.xlsx
2018-08-02 16:35:46 DEBUG baseClass:55 - chrome driver got initialized
2018-08-02 16:35:46 DEBUG baseClass:57 - set implicit wait
2018-08-02 16:35:55 DEBUG baseClass:64 - open : http://www.qababu.com/2017/07/ashot-in-selenium-3-for-taking-full.html
2018-08-02 16:35:59 DEBUG baseClass:79 - chrome driver quit
2018-08-02 16:41:02 DEBUG ExcelUtility:32 - Workbook : C:\Users\aditya.p\Desktop\Automate2\agentaSnapDemo\src\main\java\com\agentaDemo\resource\ExcelData.xlsxSheet nameAgentaTest
2018-08-02 16:41:02 DEBUG baseClass:40 - Excel File name is C:\Users\aditya.p\Desktop\Automate2\agentaSnapDemo\src\main\java\com\agentaDemo\resource\ExcelData.xlsx
2018-08-02 16:41:08 DEBUG baseClass:55 - chrome driver got initialized
2018-08-02 16:41:08 DEBUG baseClass:57 - set implicit wait
2018-08-02 16:41:24 DEBUG baseClass:64 - open : http://www.qababu.com/2017/07/ashot-in-selenium-3-for-taking-full.html
2018-08-02 16:41:28 DEBUG baseClass:79 - chrome driver quit
2018-08-02 16:41:56 DEBUG ExcelUtility:32 - Workbook : C:\Users\aditya.p\Desktop\Automate2\agentaSnapDemo\src\main\java\com\agentaDemo\resource\ExcelData.xlsxSheet nameAgentaTest
2018-08-02 16:41:56 DEBUG baseClass:40 - Excel File name is C:\Users\aditya.p\Desktop\Automate2\agentaSnapDemo\src\main\java\com\agentaDemo\resource\ExcelData.xlsx
2018-08-02 16:42:01 DEBUG baseClass:55 - chrome driver got initialized
2018-08-02 16:42:01 DEBUG baseClass:57 - set implicit wait
2018-08-02 16:42:10 DEBUG baseClass:64 - open : http://www.qababu.com/2017/07/ashot-in-selenium-3-for-taking-full.html
2018-08-02 16:42:15 DEBUG baseClass:79 - chrome driver quit
2018-08-02 16:55:30 DEBUG ExcelUtility:32 - Workbook : C:\Users\aditya.p\Desktop\Automate2\agentaSnapDemo\src\main\java\com\agentaDemo\resource\ExcelData.xlsxSheet nameAgentaTest
2018-08-02 16:55:30 DEBUG baseClass:40 - Excel File name is C:\Users\aditya.p\Desktop\Automate2\agentaSnapDemo\src\main\java\com\agentaDemo\resource\ExcelData.xlsx
2018-08-02 16:55:35 DEBUG baseClass:55 - chrome driver got initialized
2018-08-02 16:55:35 DEBUG baseClass:57 - set implicit wait
2018-08-02 16:55:44 DEBUG baseClass:64 - open : http://www.qababu.com/2017/07/ashot-in-selenium-3-for-taking-full.html
2018-08-02 16:55:49 DEBUG baseClass:79 - chrome driver quit
2018-08-02 21:09:20 DEBUG ExcelUtility:32 - Workbook : C:\Users\aditya.p\Desktop\Automate2\agentaSnapDemo\src\main\java\com\agentaDemo\resource\ExcelData.xlsxSheet nameAgentaTest
2018-08-02 21:09:20 DEBUG baseClass:37 - Excel File name is C:\Users\aditya.p\Desktop\Automate2\agentaSnapDemo\src\main\java\com\agentaDemo\resource\ExcelData.xlsx
2018-08-02 21:09:28 DEBUG baseClass:52 - chrome driver got initialized
2018-08-02 21:09:28 DEBUG baseClass:54 - set implicit wait
2018-08-02 21:09:37 DEBUG baseClass:61 - open : http://www.qababu.com/2017/07/ashot-in-selenium-3-for-taking-full.html
2018-08-02 21:09:43 DEBUG baseClass:76 - chrome driver quit
2018-08-02 21:19:34 DEBUG ExcelUtility:32 - Workbook : C:\Users\aditya.p\Desktop\Automate2\agentaSnapDemo\src\main\java\com\agentaDemo\resource\ExcelData.xlsxSheet nameAgentaTest
2018-08-02 21:19:34 DEBUG baseClass:37 - Excel File name is C:\Users\aditya.p\Desktop\Automate2\agentaSnapDemo\src\main\java\com\agentaDemo\resource\ExcelData.xlsx
2018-08-02 21:19:40 DEBUG baseClass:52 - chrome driver got initialized
2018-08-02 21:19:40 DEBUG baseClass:54 - set implicit wait
2018-08-02 21:19:48 DEBUG baseClass:61 - open : http://www.qababu.com/2017/07/ashot-in-selenium-3-for-taking-full.html
2018-08-02 21:19:54 DEBUG baseClass:76 - chrome driver quit
2018-08-03 12:58:00 DEBUG ExcelUtility:32 - Workbook : C:\Users\aditya.p\Desktop\Automate2\agentaSnapDemo\src\main\java\com\agentaDemo\resource\ExcelData.xlsxSheet nameAgentaTest
2018-08-03 12:58:01 DEBUG baseClass:37 - Excel File name is C:\Users\aditya.p\Desktop\Automate2\agentaSnapDemo\src\main\java\com\agentaDemo\resource\ExcelData.xlsx
2018-08-03 12:58:07 DEBUG baseClass:52 - chrome driver got initialized
2018-08-03 12:58:07 DEBUG baseClass:54 - set implicit wait
2018-08-03 12:58:17 DEBUG baseClass:61 - open : http://www.qababu.com/2017/07/ashot-in-selenium-3-for-taking-full.html
2018-08-03 12:58:22 DEBUG baseClass:76 - chrome driver quit
2018-08-03 12:59:53 DEBUG ExcelUtility:32 - Workbook : C:\Users\aditya.p\Desktop\Automate2\agentaSnapDemo\src\main\java\com\agentaDemo\resource\ExcelData.xlsxSheet nameAgentaTest
2018-08-03 12:59:53 DEBUG baseClass:37 - Excel File name is C:\Users\aditya.p\Desktop\Automate2\agentaSnapDemo\src\main\java\com\agentaDemo\resource\ExcelData.xlsx
2018-08-03 12:59:53 DEBUG ExcelUtility:83 - text begin
2018-08-03 12:59:53 DEBUG ExcelUtility:87 - text end
2018-08-03 12:59:53 DEBUG ExcelUtility:45 - Test Name is Test2
2018-08-03 12:59:53 DEBUG ExcelUtility:55 - Start row 4End Row 4Start Col 1End col 10
2018-08-03 12:59:53 DEBUG NotReadyAgenttoAgentCall:36 - data provider called for test2
2018-08-03 12:59:59 DEBUG baseClass:52 - chrome driver got initialized
2018-08-03 12:59:59 DEBUG baseClass:54 - set implicit wait
2018-08-03 13:00:01 DEBUG baseClass:61 - open : https://localhost:8080/
2018-08-03 13:00:01 DEBUG NotReadyAgenttoAgentCall:52 - ChromeDriver: chrome on XP (e13b6a685ccb53760518e2bcd307abfd)
2018-08-03 13:02:22 DEBUG ExcelUtility:32 - Workbook : C:\Users\aditya.p\Desktop\Automate2\agentaSnapDemo\src\main\java\com\agentaDemo\resource\ExcelData.xlsxSheet nameAgentaTest
2018-08-03 13:02:22 DEBUG baseClass:37 - Excel File name is C:\Users\aditya.p\Desktop\Automate2\agentaSnapDemo\src\main\java\com\agentaDemo\resource\ExcelData.xlsx
2018-08-03 13:02:22 DEBUG ExcelUtility:83 - text begin
2018-08-03 13:02:22 DEBUG ExcelUtility:87 - text end
2018-08-03 13:02:22 DEBUG ExcelUtility:45 - Test Name is Test2
2018-08-03 13:02:22 DEBUG ExcelUtility:55 - Start row 4End Row 4Start Col 1End col 10
2018-08-03 13:02:22 DEBUG NotReadyAgenttoAgentCall:36 - data provider called for test2
2018-08-03 13:02:28 DEBUG baseClass:52 - chrome driver got initialized
2018-08-03 13:02:28 DEBUG baseClass:54 - set implicit wait
2018-08-03 13:02:34 DEBUG baseClass:61 - open : https://localhost:8080/
2018-08-03 13:02:34 DEBUG NotReadyAgenttoAgentCall:52 - ChromeDriver: chrome on XP (85790228aeba234ccc23fa0a88be4ea7)
2018-08-03 13:02:47 DEBUG DriverInstantiate:28 - firefox driver instantiate
2018-08-03 13:02:52 DEBUG baseClass:61 - open : https://localhost:8080/
2018-08-03 13:02:52 DEBUG NotReadyAgenttoAgentCall:60 - FirefoxDriver: firefox on XP (46448229-00f9-473c-981a-d210c8ccd17a)
2018-08-03 13:02:56 DEBUG DriverInstantiate:38 - Chrome driver instantiate
2018-08-03 13:03:02 DEBUG baseClass:61 - open : https://localhost:8080/
2018-08-03 13:03:02 DEBUG NotReadyAgenttoAgentCall:68 - ChromeDriver: chrome on XP (ff51b388e123a135e2f97376bd19bf84)
2018-08-03 13:03:02 DEBUG LoginPage:37 - enter user id : 749932
2018-08-03 13:03:02 DEBUG LoginPage:42 - enter pwd : 123456
2018-08-03 13:03:02 DEBUG LoginPage:47 - enter Extension : 749932
2018-08-03 13:03:03 DEBUG LoginPage:52 - click SignIn button
2018-08-03 13:03:33 DEBUG LoginPage:37 - enter user id : 749933
2018-08-03 13:03:33 DEBUG LoginPage:42 - enter pwd : 123456
2018-08-03 13:03:34 DEBUG LoginPage:47 - enter Extension : 749933
2018-08-03 13:03:34 DEBUG LoginPage:52 - click SignIn button
2018-08-03 13:04:04 DEBUG LoginPage:37 - enter user id : 749936
2018-08-03 13:04:05 DEBUG LoginPage:42 - enter pwd : 123456
2018-08-03 13:04:05 DEBUG LoginPage:47 - enter Extension : 749936
2018-08-03 13:04:06 DEBUG LoginPage:52 - click SignIn button
2018-08-03 13:04:42 DEBUG baseClass:76 - chrome driver quit
2018-08-03 13:04:48 DEBUG baseClass:80 - firefox driver quit
2018-08-03 13:04:49 DEBUG baseClass:84 - Chrome2 driver quit
2018-08-03 13:04:49 DEBUG ExcelUtility:83 - text begin
2018-08-03 13:04:49 DEBUG ExcelUtility:87 - text end
2018-08-03 13:04:49 DEBUG ExcelUtility:45 - Test Name is Test1
2018-08-03 13:04:49 DEBUG ExcelUtility:55 - Start row 1End Row 1Start Col 1End col 4
2018-08-03 13:04:53 DEBUG baseClass:52 - chrome driver got initialized
2018-08-03 13:04:53 DEBUG baseClass:54 - set implicit wait
2018-08-03 13:05:00 DEBUG baseClass:61 - open : https://localhost:8080/
2018-08-03 13:05:00 DEBUG NotReadyAgenttoAgentCall:166 - ChromeDriver: chrome on XP (82dd058ed8d74dc2cd1fd5f26de02358)
2018-08-03 13:10:46 DEBUG ExcelUtility:32 - Workbook : C:\Users\aditya.p\Desktop\Automate2\agentaSnapDemo\src\main\java\com\agentaDemo\resource\ExcelData.xlsxSheet nameAgentaTest
2018-08-03 13:10:46 DEBUG baseClass:37 - Excel File name is C:\Users\aditya.p\Desktop\Automate2\agentaSnapDemo\src\main\java\com\agentaDemo\resource\ExcelData.xlsx
2018-08-03 13:10:46 DEBUG ExcelUtility:83 - text begin
2018-08-03 13:10:46 DEBUG ExcelUtility:87 - text end
2018-08-03 13:10:46 DEBUG ExcelUtility:45 - Test Name is Test1
2018-08-03 13:10:46 DEBUG ExcelUtility:55 - Start row 1End Row 1Start Col 1End col 4
2018-08-03 13:10:51 DEBUG baseClass:52 - chrome driver got initialized
2018-08-03 13:10:51 DEBUG baseClass:54 - set implicit wait
2018-08-03 13:10:55 DEBUG baseClass:61 - open : https://localhost:8080/
2018-08-03 13:10:55 DEBUG NotReadyAgenttoAgentCall:166 - ChromeDriver: chrome on XP (c1945e9f494c8a4c5122e081d286bfbf)
2018-08-03 13:11:01 DEBUG LoginPage:37 - enter user id : 749939
2018-08-03 13:11:01 DEBUG LoginPage:42 - enter pwd : 123456
2018-08-03 13:11:01 DEBUG LoginPage:47 - enter Extension : 749939
2018-08-03 13:11:02 DEBUG LoginPage:52 - click SignIn button
2018-08-03 13:11:02 DEBUG NotReadyAgenttoAgentCall:179 - Sign in button clicked for Chrome
2018-08-03 13:11:37 DEBUG baseClass:76 - chrome driver quit
2018-08-03 13:11:37 DEBUG ExcelUtility:83 - text begin
2018-08-03 13:11:37 DEBUG ExcelUtility:87 - text end
2018-08-03 13:11:37 DEBUG ExcelUtility:45 - Test Name is Test2
2018-08-03 13:11:37 DEBUG ExcelUtility:55 - Start row 4End Row 4Start Col 1End col 10
2018-08-03 13:11:37 DEBUG NotReadyAgenttoAgentCall:36 - data provider called for test2
2018-08-03 13:11:41 DEBUG baseClass:52 - chrome driver got initialized
2018-08-03 13:11:41 DEBUG baseClass:54 - set implicit wait
2018-08-03 13:11:44 DEBUG baseClass:61 - open : https://localhost:8080/
2018-08-03 13:11:44 DEBUG NotReadyAgenttoAgentCall:52 - ChromeDriver: chrome on XP (cf28829ee209916df8d55f7e76cfbfb9)
2018-08-03 13:11:55 DEBUG DriverInstantiate:28 - firefox driver instantiate
2018-08-03 13:11:58 DEBUG baseClass:61 - open : https://localhost:8080/
2018-08-03 13:11:58 DEBUG NotReadyAgenttoAgentCall:60 - FirefoxDriver: firefox on XP (82cb4b15-a983-45ca-b164-1cca2a03f637)
2018-08-03 13:12:01 DEBUG DriverInstantiate:38 - Chrome driver instantiate
2018-08-03 13:12:05 DEBUG baseClass:61 - open : https://localhost:8080/
2018-08-03 13:12:05 DEBUG NotReadyAgenttoAgentCall:68 - ChromeDriver: chrome on XP (0ca66c24bc8ce3a5632b29234321401f)
2018-08-03 13:12:05 DEBUG LoginPage:37 - enter user id : 749939
2018-08-03 13:12:05 DEBUG LoginPage:42 - enter pwd : 123456
2018-08-03 13:12:05 DEBUG LoginPage:47 - enter Extension : 749939
2018-08-03 13:12:05 DEBUG LoginPage:52 - click SignIn button
2018-08-03 13:12:36 DEBUG LoginPage:37 - enter user id : 749933
2018-08-03 13:12:36 DEBUG LoginPage:42 - enter pwd : 123456
2018-08-03 13:12:36 DEBUG LoginPage:47 - enter Extension : 749933
2018-08-03 13:12:36 DEBUG LoginPage:52 - click SignIn button
2018-08-03 13:13:07 DEBUG LoginPage:37 - enter user id : 749936
2018-08-03 13:13:07 DEBUG LoginPage:42 - enter pwd : 123456
2018-08-03 13:13:07 DEBUG LoginPage:47 - enter Extension : 749936
2018-08-03 13:13:08 DEBUG LoginPage:52 - click SignIn button
2018-08-03 13:13:38 DEBUG MainPage:44 - Click on keyboard on Main page 
2018-08-03 13:13:39 DEBUG DialPadPage:93 - Clicked on 7
2018-08-03 13:13:39 DEBUG DialPadPage:78 - Clicked on 4
2018-08-03 13:13:39 DEBUG DialPadPage:103 - Clicked on 9
2018-08-03 13:13:40 DEBUG DialPadPage:103 - Clicked on 9
2018-08-03 13:13:40 DEBUG DialPadPage:73 - Clicked on 3
2018-08-03 13:13:40 DEBUG DialPadPage:93 - Clicked on 7
2018-08-03 13:13:40 DEBUG DialPadPage:123 - Clicked on callBtn
2018-08-03 13:13:40 DEBUG NotReadyAgenttoAgentCall:105 - Click on call button test1
2018-08-03 13:13:48 DEBUG baseClass:76 - chrome driver quit
2018-08-03 13:13:52 DEBUG baseClass:80 - firefox driver quit
2018-08-03 13:13:53 DEBUG baseClass:84 - Chrome2 driver quit
2018-08-03 13:13:53 DEBUG ExcelUtility:83 - text begin
2018-08-03 13:13:53 DEBUG ExcelUtility:87 - text end
2018-08-03 13:13:53 DEBUG ExcelUtility:45 - Test Name is Test2
2018-08-03 13:13:53 DEBUG ExcelUtility:55 - Start row 4End Row 4Start Col 1End col 10
2018-08-03 13:13:53 DEBUG NotReadyAgenttoAgentCall:195 - data provider called for test3
2018-08-03 13:13:56 DEBUG baseClass:52 - chrome driver got initialized
2018-08-03 13:13:56 DEBUG baseClass:54 - set implicit wait
2018-08-03 13:14:01 DEBUG baseClass:61 - open : https://localhost:8080/
2018-08-03 13:14:01 DEBUG NotReadyAgenttoAgentCall:211 - ChromeDriver: chrome on XP (0ad4ae3a524a68faaff5c8280561a07c)
2018-08-03 13:14:14 DEBUG DriverInstantiate:28 - firefox driver instantiate
2018-08-03 13:14:19 DEBUG baseClass:61 - open : https://localhost:8080/
2018-08-03 13:14:19 DEBUG NotReadyAgenttoAgentCall:219 - FirefoxDriver: firefox on XP (0c4496fa-ff26-4946-8b42-622b24abc2bc)
2018-08-03 13:14:23 DEBUG DriverInstantiate:38 - Chrome driver instantiate
2018-08-03 13:14:28 DEBUG baseClass:61 - open : https://localhost:8080/
2018-08-03 13:14:28 DEBUG NotReadyAgenttoAgentCall:227 - ChromeDriver: chrome on XP (020ce0d583ef9d2acb0cc52b0c8bbe10)
2018-08-03 13:14:28 DEBUG LoginPage:37 - enter user id : 749939
2018-08-03 13:14:28 DEBUG LoginPage:42 - enter pwd : 123456
2018-08-03 13:14:29 DEBUG LoginPage:47 - enter Extension : 749939
2018-08-03 13:14:29 DEBUG LoginPage:52 - click SignIn button
2018-08-03 13:14:59 DEBUG LoginPage:37 - enter user id : 749933
2018-08-03 13:14:59 DEBUG LoginPage:42 - enter pwd : 123456
2018-08-03 13:15:00 DEBUG LoginPage:47 - enter Extension : 749933
2018-08-03 13:15:00 DEBUG LoginPage:52 - click SignIn button
2018-08-03 13:15:30 DEBUG LoginPage:37 - enter user id : 749936
2018-08-03 13:15:31 DEBUG LoginPage:42 - enter pwd : 123456
2018-08-03 13:15:31 DEBUG LoginPage:47 - enter Extension : 749936
2018-08-03 13:15:31 DEBUG LoginPage:52 - click SignIn button
2018-08-03 13:16:02 DEBUG MainPage:44 - Click on keyboard on Main page 
2018-08-03 13:16:02 DEBUG DialPadPage:93 - Clicked on 7
2018-08-03 13:16:03 DEBUG DialPadPage:78 - Clicked on 4
2018-08-03 13:16:03 DEBUG DialPadPage:103 - Clicked on 9
2018-08-03 13:16:03 DEBUG DialPadPage:103 - Clicked on 9
2018-08-03 13:16:03 DEBUG DialPadPage:73 - Clicked on 3
2018-08-03 13:16:04 DEBUG DialPadPage:93 - Clicked on 7
2018-08-03 13:16:04 DEBUG DialPadPage:123 - Clicked on callBtn
2018-08-03 13:16:04 DEBUG NotReadyAgenttoAgentCall:264 - Click on call button test1
2018-08-03 13:16:11 DEBUG baseClass:76 - chrome driver quit
2018-08-03 13:16:16 DEBUG baseClass:80 - firefox driver quit
2018-08-03 13:16:17 DEBUG baseClass:84 - Chrome2 driver quit
2018-08-03 13:18:52 DEBUG ExcelUtility:32 - Workbook : C:\Users\aditya.p\Desktop\Automate2\agentaSnapDemo\src\main\java\com\agentaDemo\resource\ExcelData.xlsxSheet nameAgentaTest
2018-08-03 13:18:52 DEBUG baseClass:37 - Excel File name is C:\Users\aditya.p\Desktop\Automate2\agentaSnapDemo\src\main\java\com\agentaDemo\resource\ExcelData.xlsx
2018-08-03 13:18:52 DEBUG ExcelUtility:83 - text begin
2018-08-03 13:18:52 DEBUG ExcelUtility:87 - text end
2018-08-03 13:18:52 DEBUG ExcelUtility:45 - Test Name is Test1
2018-08-03 13:18:52 DEBUG ExcelUtility:55 - Start row 1End Row 1Start Col 1End col 4
2018-08-03 13:18:57 DEBUG baseClass:52 - chrome driver got initialized
2018-08-03 13:18:57 DEBUG baseClass:54 - set implicit wait
2018-08-03 13:19:02 DEBUG baseClass:61 - open : https://localhost:8080/
2018-08-03 13:19:02 DEBUG NotReadyAgenttoAgentCall:166 - ChromeDriver: chrome on XP (e12ce540beb110e6515df7c9e1627256)
2018-08-03 13:19:07 DEBUG LoginPage:37 - enter user id : 749939
2018-08-03 13:19:07 DEBUG LoginPage:42 - enter pwd : 123456
2018-08-03 13:19:07 DEBUG LoginPage:47 - enter Extension : 749939
2018-08-03 13:19:08 DEBUG LoginPage:52 - click SignIn button
2018-08-03 13:19:08 DEBUG NotReadyAgenttoAgentCall:179 - Sign in button clicked for Chrome
2018-08-03 13:19:42 DEBUG baseClass:76 - chrome driver quit
2018-08-03 13:19:42 DEBUG ExcelUtility:83 - text begin
2018-08-03 13:19:42 DEBUG ExcelUtility:87 - text end
2018-08-03 13:19:42 DEBUG ExcelUtility:45 - Test Name is Test2
2018-08-03 13:19:42 DEBUG ExcelUtility:55 - Start row 4End Row 4Start Col 1End col 10
2018-08-03 13:19:42 DEBUG NotReadyAgenttoAgentCall:36 - data provider called for test2
2018-08-03 13:19:45 DEBUG baseClass:52 - chrome driver got initialized
2018-08-03 13:19:45 DEBUG baseClass:54 - set implicit wait
2018-08-03 13:19:49 DEBUG baseClass:61 - open : https://localhost:8080/
2018-08-03 13:19:49 DEBUG NotReadyAgenttoAgentCall:52 - ChromeDriver: chrome on XP (c8900acb32f401fbead91154a409209f)
2018-08-03 13:20:01 DEBUG DriverInstantiate:28 - firefox driver instantiate
2018-08-03 13:20:05 DEBUG baseClass:61 - open : https://localhost:8080/
2018-08-03 13:20:05 DEBUG NotReadyAgenttoAgentCall:60 - FirefoxDriver: firefox on XP (506285aa-496b-44e5-88f7-505c50f97fa8)
2018-08-03 13:20:08 DEBUG DriverInstantiate:38 - Chrome driver instantiate
2018-08-03 13:20:12 DEBUG baseClass:61 - open : https://localhost:8080/
2018-08-03 13:20:12 DEBUG NotReadyAgenttoAgentCall:68 - ChromeDriver: chrome on XP (24a536f1462ab5286cbc09ad5199fd34)
2018-08-03 13:20:13 DEBUG LoginPage:37 - enter user id : 749939
2018-08-03 13:20:13 DEBUG LoginPage:42 - enter pwd : 123456
2018-08-03 13:20:13 DEBUG LoginPage:47 - enter Extension : 749939
2018-08-03 13:20:14 DEBUG LoginPage:52 - click SignIn button
2018-08-03 13:20:44 DEBUG LoginPage:37 - enter user id : 749933
2018-08-03 13:20:45 DEBUG LoginPage:42 - enter pwd : 123456
2018-08-03 13:20:45 DEBUG LoginPage:47 - enter Extension : 749933
2018-08-03 13:20:46 DEBUG LoginPage:52 - click SignIn button
2018-08-03 13:21:16 DEBUG LoginPage:37 - enter user id : 749936
2018-08-03 13:21:16 DEBUG LoginPage:42 - enter pwd : 123456
2018-08-03 13:21:17 DEBUG LoginPage:47 - enter Extension : 749936
2018-08-03 13:21:17 DEBUG LoginPage:52 - click SignIn button
2018-08-03 13:21:48 DEBUG MainPage:44 - Click on keyboard on Main page 
2018-08-03 13:21:48 DEBUG DialPadPage:93 - Clicked on 7
2018-08-03 13:21:48 DEBUG DialPadPage:78 - Clicked on 4
2018-08-03 13:21:49 DEBUG DialPadPage:103 - Clicked on 9
2018-08-03 13:21:49 DEBUG DialPadPage:103 - Clicked on 9
2018-08-03 13:21:49 DEBUG DialPadPage:73 - Clicked on 3
2018-08-03 13:21:49 DEBUG DialPadPage:73 - Clicked on 3
2018-08-03 13:21:50 DEBUG DialPadPage:123 - Clicked on callBtn
2018-08-03 13:21:50 DEBUG NotReadyAgenttoAgentCall:105 - Click on call button test1
2018-08-03 13:21:53 DEBUG OutboundCallAnsPage:25 - Click on call answer button
2018-08-03 13:21:53 DEBUG NotReadyAgenttoAgentCall:113 - Clicked on FF answer
2018-08-03 13:21:57 DEBUG OutboundCallAnsPage:50 - Click on consult button
2018-08-03 13:21:57 DEBUG DialPadPage:93 - Clicked on 7
2018-08-03 13:21:57 DEBUG DialPadPage:78 - Clicked on 4
2018-08-03 13:21:58 DEBUG DialPadPage:103 - Clicked on 9
2018-08-03 13:21:58 DEBUG DialPadPage:103 - Clicked on 9
2018-08-03 13:21:58 DEBUG DialPadPage:73 - Clicked on 3
2018-08-03 13:21:58 DEBUG DialPadPage:88 - Clicked on 6
2018-08-03 13:21:58 DEBUG DialPadPage:123 - Clicked on callBtn
2018-08-03 13:22:07 DEBUG baseClass:76 - chrome driver quit
2018-08-03 13:22:11 DEBUG baseClass:80 - firefox driver quit
2018-08-03 13:22:13 DEBUG baseClass:84 - Chrome2 driver quit
2018-08-03 13:22:13 DEBUG ExcelUtility:83 - text begin
2018-08-03 13:22:13 DEBUG ExcelUtility:87 - text end
2018-08-03 13:22:13 DEBUG ExcelUtility:45 - Test Name is Test2
2018-08-03 13:22:13 DEBUG ExcelUtility:55 - Start row 4End Row 4Start Col 1End col 10
2018-08-03 13:22:13 DEBUG NotReadyAgenttoAgentCall:195 - data provider called for test3
2018-08-03 13:22:16 DEBUG baseClass:52 - chrome driver got initialized
2018-08-03 13:22:16 DEBUG baseClass:54 - set implicit wait
2018-08-03 13:22:20 DEBUG baseClass:61 - open : https://localhost:8080/
2018-08-03 13:22:20 DEBUG NotReadyAgenttoAgentCall:211 - ChromeDriver: chrome on XP (deaa135ad3ffb8ce542389523c956d9b)
2018-08-03 13:22:33 DEBUG DriverInstantiate:28 - firefox driver instantiate
2018-08-03 13:22:37 DEBUG baseClass:61 - open : https://localhost:8080/
2018-08-03 13:22:37 DEBUG NotReadyAgenttoAgentCall:219 - FirefoxDriver: firefox on XP (553e688b-d4dc-4c0d-980f-7b91370972a1)
2018-08-03 13:22:42 DEBUG DriverInstantiate:38 - Chrome driver instantiate
2018-08-03 13:22:47 DEBUG baseClass:61 - open : https://localhost:8080/
2018-08-03 13:22:47 DEBUG NotReadyAgenttoAgentCall:227 - ChromeDriver: chrome on XP (92c0c38d30fef863903512dabad52a53)
2018-08-03 13:22:48 DEBUG LoginPage:37 - enter user id : 749939
2018-08-03 13:22:48 DEBUG LoginPage:42 - enter pwd : 123456
2018-08-03 13:22:48 DEBUG LoginPage:47 - enter Extension : 749939
2018-08-03 13:22:49 DEBUG LoginPage:52 - click SignIn button
2018-08-03 13:23:19 DEBUG LoginPage:37 - enter user id : 749933
2018-08-03 13:23:20 DEBUG LoginPage:42 - enter pwd : 123456
2018-08-03 13:23:20 DEBUG LoginPage:47 - enter Extension : 749933
2018-08-03 13:23:20 DEBUG LoginPage:52 - click SignIn button
2018-08-03 13:23:51 DEBUG LoginPage:37 - enter user id : 749936
2018-08-03 13:23:51 DEBUG LoginPage:42 - enter pwd : 123456
2018-08-03 13:23:52 DEBUG LoginPage:47 - enter Extension : 749936
2018-08-03 13:23:52 DEBUG LoginPage:52 - click SignIn button
2018-08-03 13:24:26 DEBUG baseClass:76 - chrome driver quit
2018-08-03 13:24:29 DEBUG baseClass:80 - firefox driver quit
2018-08-03 13:24:30 DEBUG baseClass:84 - Chrome2 driver quit
2018-08-03 15:07:08 DEBUG ExcelUtility:32 - Workbook : C:\Users\aditya.p\Desktop\Automate2\agentaSnapDemo\src\main\java\com\agentaDemo\resource\ExcelData.xlsxSheet nameAgentaTest
2018-08-03 15:07:08 DEBUG baseClass:37 - Excel File name is C:\Users\aditya.p\Desktop\Automate2\agentaSnapDemo\src\main\java\com\agentaDemo\resource\ExcelData.xlsx
2018-08-03 15:07:08 DEBUG ExcelUtility:83 - text begin
2018-08-03 15:07:08 DEBUG ExcelUtility:87 - text end
2018-08-03 15:07:08 DEBUG ExcelUtility:45 - Test Name is Test1
2018-08-03 15:07:08 DEBUG ExcelUtility:55 - Start row 1End Row 1Start Col 1End col 4
2018-08-03 15:07:13 DEBUG baseClass:52 - chrome driver got initialized
2018-08-03 15:07:13 DEBUG baseClass:54 - set implicit wait
2018-08-03 15:07:16 DEBUG baseClass:61 - open : https://localhost:8080/
2018-08-03 15:07:16 DEBUG NotReadyAgenttoAgentCall:163 - ChromeDriver: chrome on XP (0812e7b7ab2aeb6c5d38af2a9b314416)
2018-08-03 15:07:21 DEBUG LoginPage:37 - enter user id : 749939
2018-08-03 15:07:21 DEBUG LoginPage:42 - enter pwd : 123456
2018-08-03 15:07:22 DEBUG LoginPage:47 - enter Extension : 749939
2018-08-03 15:07:22 DEBUG LoginPage:52 - click SignIn button
2018-08-03 15:07:22 DEBUG NotReadyAgenttoAgentCall:176 - Sign in button clicked for Chrome
2018-08-03 15:07:58 DEBUG baseClass:76 - chrome driver quit
2018-08-03 15:07:58 DEBUG ExcelUtility:83 - text begin
2018-08-03 15:07:58 DEBUG ExcelUtility:87 - text end
2018-08-03 15:07:58 DEBUG ExcelUtility:45 - Test Name is Test2
2018-08-03 15:07:58 DEBUG ExcelUtility:55 - Start row 4End Row 4Start Col 1End col 10
2018-08-03 15:07:58 DEBUG NotReadyAgenttoAgentCall:36 - data provider called for test2
2018-08-03 15:08:02 DEBUG baseClass:52 - chrome driver got initialized
2018-08-03 15:08:02 DEBUG baseClass:54 - set implicit wait
2018-08-03 15:08:09 DEBUG baseClass:61 - open : https://localhost:8080/
2018-08-03 15:08:09 DEBUG NotReadyAgenttoAgentCall:52 - ChromeDriver: chrome on XP (3377678f1f8bbdf660695caf1a1d39f8)
2018-08-03 15:08:20 DEBUG DriverInstantiate:28 - firefox driver instantiate
2018-08-03 15:08:23 DEBUG baseClass:61 - open : https://localhost:8080/
2018-08-03 15:08:23 DEBUG NotReadyAgenttoAgentCall:60 - FirefoxDriver: firefox on XP (bc153340-ee1d-428f-992a-4caab9ef620c)
2018-08-03 15:08:28 DEBUG DriverInstantiate:38 - Chrome driver instantiate
2018-08-03 15:08:39 DEBUG baseClass:61 - open : https://localhost:8080/
2018-08-03 15:08:39 DEBUG NotReadyAgenttoAgentCall:68 - ChromeDriver: chrome on XP (2ed6d1117555fbb2c965023aafcc29c3)
2018-08-03 15:21:53 DEBUG ExcelUtility:32 - Workbook : C:\Users\aditya.p\Desktop\Automate2\agentaSnapDemo\src\main\java\com\agentaDemo\resource\ExcelData.xlsxSheet nameAgentaTest
2018-08-03 15:21:53 DEBUG baseClass:37 - Excel File name is C:\Users\aditya.p\Desktop\Automate2\agentaSnapDemo\src\main\java\com\agentaDemo\resource\ExcelData.xlsx
2018-08-03 15:21:53 DEBUG ExcelUtility:83 - text begin
2018-08-03 15:21:53 DEBUG ExcelUtility:87 - text end
2018-08-03 15:21:53 DEBUG ExcelUtility:45 - Test Name is Test1
2018-08-03 15:21:53 DEBUG ExcelUtility:55 - Start row 1End Row 1Start Col 1End col 4
2018-08-03 15:21:59 DEBUG baseClass:52 - chrome driver got initialized
2018-08-03 15:21:59 DEBUG baseClass:54 - set implicit wait
2018-08-03 15:22:03 DEBUG baseClass:61 - open : https://localhost:8080/
2018-08-03 15:22:03 DEBUG NotReadyAgenttoAgentCall:163 - ChromeDriver: chrome on XP (b5c91733828d0d9fea975d0c345a5d6b)
2018-08-03 15:22:09 DEBUG LoginPage:37 - enter user id : 749939
2018-08-03 15:22:09 DEBUG LoginPage:42 - enter pwd : 123456
2018-08-03 15:22:09 DEBUG LoginPage:47 - enter Extension : 749939
2018-08-03 15:22:10 DEBUG LoginPage:52 - click SignIn button
2018-08-03 15:22:10 DEBUG NotReadyAgenttoAgentCall:176 - Sign in button clicked for Chrome
2018-08-03 15:22:44 DEBUG baseClass:76 - chrome driver quit
2018-08-03 15:22:44 DEBUG ExcelUtility:83 - text begin
2018-08-03 15:22:45 DEBUG ExcelUtility:87 - text end
2018-08-03 15:22:45 DEBUG ExcelUtility:45 - Test Name is Test2
2018-08-03 15:22:45 DEBUG ExcelUtility:55 - Start row 4End Row 4Start Col 1End col 10
2018-08-03 15:22:45 DEBUG NotReadyAgenttoAgentCall:36 - data provider called for test2
2018-08-03 15:22:48 DEBUG baseClass:52 - chrome driver got initialized
2018-08-03 15:22:48 DEBUG baseClass:54 - set implicit wait
2018-08-03 15:22:51 DEBUG baseClass:61 - open : https://localhost:8080/
2018-08-03 15:22:51 DEBUG NotReadyAgenttoAgentCall:52 - ChromeDriver: chrome on XP (df5800832164deb3497b3c8989d79199)
2018-08-03 15:23:03 DEBUG DriverInstantiate:28 - firefox driver instantiate
2018-08-03 15:23:06 DEBUG baseClass:61 - open : https://localhost:8080/
2018-08-03 15:23:06 DEBUG NotReadyAgenttoAgentCall:60 - FirefoxDriver: firefox on XP (ae34fab4-02dd-4cb5-84e4-a996bab71c49)
2018-08-03 15:23:10 DEBUG DriverInstantiate:38 - Chrome driver instantiate
2018-08-03 15:23:16 DEBUG baseClass:61 - open : https://localhost:8080/
2018-08-03 15:23:16 DEBUG NotReadyAgenttoAgentCall:68 - ChromeDriver: chrome on XP (2270dbe8d57ed449b7ba97e0369f6fe6)
2018-08-03 15:23:16 DEBUG LoginPage:37 - enter user id : 749939
2018-08-03 15:23:16 DEBUG LoginPage:42 - enter pwd : 123456
2018-08-03 15:23:16 DEBUG LoginPage:47 - enter Extension : 749939
2018-08-03 15:23:17 DEBUG LoginPage:52 - click SignIn button
2018-08-03 15:23:47 DEBUG LoginPage:37 - enter user id : 749933
2018-08-03 15:23:47 DEBUG LoginPage:42 - enter pwd : 123456
2018-08-03 15:23:47 DEBUG LoginPage:47 - enter Extension : 749933
2018-08-03 15:23:48 DEBUG LoginPage:52 - click SignIn button
2018-08-03 15:24:18 DEBUG LoginPage:37 - enter user id : 749936
2018-08-03 15:24:18 DEBUG LoginPage:42 - enter pwd : 123456
2018-08-03 15:24:19 DEBUG LoginPage:47 - enter Extension : 749936
2018-08-03 15:24:19 DEBUG LoginPage:52 - click SignIn button
2018-08-03 15:24:55 DEBUG baseClass:76 - chrome driver quit
2018-08-03 15:24:59 DEBUG baseClass:80 - firefox driver quit
2018-08-03 15:25:01 DEBUG baseClass:84 - Chrome2 driver quit
2018-08-03 15:25:01 DEBUG ExcelUtility:83 - text begin
2018-08-03 15:25:01 DEBUG ExcelUtility:87 - text end
2018-08-03 15:25:01 DEBUG ExcelUtility:45 - Test Name is Test2
2018-08-03 15:25:01 DEBUG ExcelUtility:55 - Start row 4End Row 4Start Col 1End col 10
2018-08-03 15:25:01 DEBUG NotReadyAgenttoAgentCall:192 - data provider called for test3
2018-08-03 15:25:04 DEBUG baseClass:52 - chrome driver got initialized
2018-08-03 15:25:04 DEBUG baseClass:54 - set implicit wait
2018-08-03 15:25:10 DEBUG baseClass:61 - open : https://localhost:8080/
2018-08-03 15:25:10 DEBUG NotReadyAgenttoAgentCall:208 - ChromeDriver: chrome on XP (fbf41a54796cb3a786148394b4aeff1e)
2018-08-03 15:25:21 DEBUG DriverInstantiate:28 - firefox driver instantiate
2018-08-03 15:25:24 DEBUG baseClass:61 - open : https://localhost:8080/
2018-08-03 15:25:24 DEBUG NotReadyAgenttoAgentCall:216 - FirefoxDriver: firefox on XP (d963a424-5127-4d25-8d1c-358fca9fabc1)
2018-08-03 15:25:28 DEBUG DriverInstantiate:38 - Chrome driver instantiate
2018-08-03 15:25:34 DEBUG baseClass:61 - open : https://localhost:8080/
2018-08-03 15:25:34 DEBUG NotReadyAgenttoAgentCall:224 - ChromeDriver: chrome on XP (f973fb3dbc2aadee76de9d2cb31c8e96)
2018-08-03 15:25:34 DEBUG LoginPage:37 - enter user id : 749939
2018-08-03 15:25:35 DEBUG LoginPage:42 - enter pwd : 123456
2018-08-03 15:25:35 DEBUG LoginPage:47 - enter Extension : 749939
2018-08-03 15:25:35 DEBUG LoginPage:52 - click SignIn button
2018-08-03 15:26:06 DEBUG LoginPage:37 - enter user id : 749933
2018-08-03 15:26:06 DEBUG LoginPage:42 - enter pwd : 123456
2018-08-03 15:26:06 DEBUG LoginPage:47 - enter Extension : 749933
2018-08-03 15:26:06 DEBUG LoginPage:52 - click SignIn button
2018-08-03 15:26:37 DEBUG LoginPage:37 - enter user id : 749936
2018-08-03 15:26:37 DEBUG LoginPage:42 - enter pwd : 123456
2018-08-03 15:26:38 DEBUG LoginPage:47 - enter Extension : 749936
2018-08-03 15:26:38 DEBUG LoginPage:52 - click SignIn button
2018-08-03 15:27:11 DEBUG baseClass:76 - chrome driver quit
2018-08-03 15:27:16 DEBUG baseClass:80 - firefox driver quit
2018-08-03 15:27:17 DEBUG baseClass:84 - Chrome2 driver quit
2018-08-03 15:27:51 DEBUG ExcelUtility:32 - Workbook : C:\Users\aditya.p\Desktop\Automate2\agentaSnapDemo\src\main\java\com\agentaDemo\resource\ExcelData.xlsxSheet nameAgentaTest
2018-08-03 15:27:51 DEBUG baseClass:37 - Excel File name is C:\Users\aditya.p\Desktop\Automate2\agentaSnapDemo\src\main\java\com\agentaDemo\resource\ExcelData.xlsx
2018-08-03 15:27:51 DEBUG ExcelUtility:83 - text begin
2018-08-03 15:27:51 DEBUG ExcelUtility:87 - text end
2018-08-03 15:27:51 DEBUG ExcelUtility:45 - Test Name is Test1
2018-08-03 15:27:51 DEBUG ExcelUtility:55 - Start row 1End Row 1Start Col 1End col 4
2018-08-03 15:27:56 DEBUG baseClass:52 - chrome driver got initialized
2018-08-03 15:27:56 DEBUG baseClass:54 - set implicit wait
2018-08-03 15:28:00 DEBUG baseClass:61 - open : https://localhost:8080/
2018-08-03 15:28:00 DEBUG NotReadyAgenttoAgentCall:163 - ChromeDriver: chrome on XP (1c5084a432727f112d6698e7f9430494)
2018-08-03 15:28:05 DEBUG LoginPage:37 - enter user id : 749939
2018-08-03 15:28:06 DEBUG LoginPage:42 - enter pwd : 123456
2018-08-03 15:28:06 DEBUG LoginPage:47 - enter Extension : 749939
2018-08-03 15:28:06 DEBUG LoginPage:52 - click SignIn button
2018-08-03 15:28:06 DEBUG NotReadyAgenttoAgentCall:176 - Sign in button clicked for Chrome
2018-08-03 15:28:41 DEBUG baseClass:76 - chrome driver quit
2018-08-03 15:28:41 DEBUG ExcelUtility:83 - text begin
2018-08-03 15:28:41 DEBUG ExcelUtility:87 - text end
2018-08-03 15:28:41 DEBUG ExcelUtility:45 - Test Name is Test2
2018-08-03 15:28:41 DEBUG ExcelUtility:55 - Start row 4End Row 4Start Col 1End col 10
2018-08-03 15:28:41 DEBUG NotReadyAgenttoAgentCall:36 - data provider called for test2
2018-08-03 15:28:43 DEBUG baseClass:52 - chrome driver got initialized
2018-08-03 15:28:43 DEBUG baseClass:54 - set implicit wait
2018-08-03 15:28:48 DEBUG baseClass:61 - open : https://localhost:8080/
2018-08-03 15:28:48 DEBUG NotReadyAgenttoAgentCall:52 - ChromeDriver: chrome on XP (0fb5c12eb9fcb79bc0a6f1cc52f1fb72)
2018-08-03 15:29:01 DEBUG DriverInstantiate:28 - firefox driver instantiate
2018-08-03 15:29:04 DEBUG baseClass:61 - open : https://localhost:8080/
2018-08-03 15:29:04 DEBUG NotReadyAgenttoAgentCall:60 - FirefoxDriver: firefox on XP (12f063a8-4bc8-4e94-b2b2-2ce5d9fe43c0)
2018-08-03 15:29:09 DEBUG DriverInstantiate:38 - Chrome driver instantiate
2018-08-03 15:29:15 DEBUG baseClass:61 - open : https://localhost:8080/
2018-08-03 15:29:15 DEBUG NotReadyAgenttoAgentCall:68 - ChromeDriver: chrome on XP (14d31685d8d5cbbbf7c7b6b88ffc4f46)
2018-08-03 15:29:15 DEBUG LoginPage:37 - enter user id : 749939
2018-08-03 15:29:15 DEBUG LoginPage:42 - enter pwd : 123456
2018-08-03 15:29:15 DEBUG LoginPage:47 - enter Extension : 749939
2018-08-03 15:29:16 DEBUG LoginPage:52 - click SignIn button
2018-08-03 15:29:46 DEBUG LoginPage:37 - enter user id : 749933
2018-08-03 15:29:46 DEBUG LoginPage:42 - enter pwd : 123456
2018-08-03 15:29:46 DEBUG LoginPage:47 - enter Extension : 749933
2018-08-03 15:29:47 DEBUG LoginPage:52 - click SignIn button
2018-08-03 15:30:17 DEBUG LoginPage:37 - enter user id : 749936
2018-08-03 15:30:17 DEBUG LoginPage:42 - enter pwd : 123456
2018-08-03 15:30:18 DEBUG LoginPage:47 - enter Extension : 749936
2018-08-03 15:30:18 DEBUG LoginPage:52 - click SignIn button
2018-08-03 15:30:49 DEBUG MainPage:44 - Click on keyboard on Main page 
2018-08-03 15:30:49 DEBUG DialPadPage:93 - Clicked on 7
2018-08-03 15:30:50 DEBUG DialPadPage:78 - Clicked on 4
2018-08-03 15:30:50 DEBUG DialPadPage:103 - Clicked on 9
2018-08-03 15:30:50 DEBUG DialPadPage:103 - Clicked on 9
2018-08-03 15:30:51 DEBUG DialPadPage:73 - Clicked on 3
2018-08-03 15:30:51 DEBUG DialPadPage:73 - Clicked on 3
2018-08-03 15:30:51 DEBUG DialPadPage:123 - Clicked on callBtn
2018-08-03 15:30:51 DEBUG NotReadyAgenttoAgentCall:105 - Click on call button test1
2018-08-03 15:30:55 DEBUG OutboundCallAnsPage:25 - Click on call answer button
2018-08-03 15:30:55 DEBUG NotReadyAgenttoAgentCall:110 - Clicked on FF answer
2018-08-03 15:30:58 DEBUG OutboundCallAnsPage:50 - Click on consult button
2018-08-03 15:30:58 DEBUG DialPadPage:93 - Clicked on 7
2018-08-03 15:30:59 DEBUG DialPadPage:78 - Clicked on 4
2018-08-03 15:30:59 DEBUG DialPadPage:103 - Clicked on 9
2018-08-03 15:30:59 DEBUG DialPadPage:103 - Clicked on 9
2018-08-03 15:30:59 DEBUG DialPadPage:73 - Clicked on 3
2018-08-03 15:31:00 DEBUG DialPadPage:88 - Clicked on 6
2018-08-03 15:31:00 DEBUG DialPadPage:123 - Clicked on callBtn
2018-08-03 15:31:04 DEBUG OutboundCallAnsPage:25 - Click on call answer button
2018-08-03 15:31:04 DEBUG OutboundCallAnsPage:98 - Click on first tab to do conference
2018-08-03 15:31:06 DEBUG OutboundCallAnsPage:114 - Click on Conference button
2018-08-03 15:31:07 DEBUG OutboundCallAnsPage:66 - Click on call end Call button
2018-08-03 15:31:09 DEBUG OutboundCallAnsPage:66 - Click on call end Call button
2018-08-03 15:31:12 DEBUG baseClass:76 - chrome driver quit
2018-08-03 15:31:17 DEBUG baseClass:80 - firefox driver quit
2018-08-03 15:31:18 DEBUG baseClass:84 - Chrome2 driver quit
2018-08-03 15:31:18 DEBUG ExcelUtility:83 - text begin
2018-08-03 15:31:18 DEBUG ExcelUtility:87 - text end
2018-08-03 15:31:18 DEBUG ExcelUtility:45 - Test Name is Test2
2018-08-03 15:31:18 DEBUG ExcelUtility:55 - Start row 4End Row 4Start Col 1End col 10
2018-08-03 15:31:18 DEBUG NotReadyAgenttoAgentCall:192 - data provider called for test3
2018-08-03 15:31:21 DEBUG baseClass:52 - chrome driver got initialized
2018-08-03 15:31:21 DEBUG baseClass:54 - set implicit wait
2018-08-03 15:31:26 DEBUG baseClass:61 - open : https://localhost:8080/
2018-08-03 15:31:26 DEBUG NotReadyAgenttoAgentCall:208 - ChromeDriver: chrome on XP (4c5f5b7c5803d60a6f06e1818dfea345)
2018-08-03 15:31:38 DEBUG DriverInstantiate:28 - firefox driver instantiate
2018-08-03 15:31:42 DEBUG baseClass:61 - open : https://localhost:8080/
2018-08-03 15:31:42 DEBUG NotReadyAgenttoAgentCall:216 - FirefoxDriver: firefox on XP (84089997-5c37-4c40-bae8-f118ee5fc657)
2018-08-03 15:31:46 DEBUG DriverInstantiate:38 - Chrome driver instantiate
2018-08-03 15:31:50 DEBUG baseClass:61 - open : https://localhost:8080/
2018-08-03 15:31:50 DEBUG NotReadyAgenttoAgentCall:224 - ChromeDriver: chrome on XP (9ef52f2def5ec1c7d731fe9350c61ceb)
2018-08-03 15:31:51 DEBUG LoginPage:37 - enter user id : 749939
2018-08-03 15:31:52 DEBUG LoginPage:42 - enter pwd : 123456
2018-08-03 15:31:52 DEBUG LoginPage:47 - enter Extension : 749939
2018-08-03 15:31:52 DEBUG LoginPage:52 - click SignIn button
2018-08-03 15:32:23 DEBUG LoginPage:37 - enter user id : 749933
2018-08-03 15:32:23 DEBUG LoginPage:42 - enter pwd : 123456
2018-08-03 15:32:23 DEBUG LoginPage:47 - enter Extension : 749933
2018-08-03 15:32:23 DEBUG LoginPage:52 - click SignIn button
2018-08-03 15:32:54 DEBUG LoginPage:37 - enter user id : 749936
2018-08-03 15:32:54 DEBUG LoginPage:42 - enter pwd : 123456
2018-08-03 15:32:55 DEBUG LoginPage:47 - enter Extension : 749936
2018-08-03 15:32:55 DEBUG LoginPage:52 - click SignIn button
2018-08-03 15:33:26 DEBUG MainPage:44 - Click on keyboard on Main page 
2018-08-03 15:33:26 DEBUG DialPadPage:93 - Clicked on 7
2018-08-03 15:33:26 DEBUG DialPadPage:78 - Clicked on 4
2018-08-03 15:33:27 DEBUG DialPadPage:103 - Clicked on 9
2018-08-03 15:33:27 DEBUG DialPadPage:103 - Clicked on 9
2018-08-03 15:33:27 DEBUG DialPadPage:73 - Clicked on 3
2018-08-03 15:33:28 DEBUG DialPadPage:73 - Clicked on 3
2018-08-03 15:33:28 DEBUG DialPadPage:123 - Clicked on callBtn
2018-08-03 15:33:28 DEBUG NotReadyAgenttoAgentCall:261 - Click on call button test1
2018-08-03 15:33:31 DEBUG OutboundCallAnsPage:25 - Click on call answer button
2018-08-03 15:33:31 DEBUG NotReadyAgenttoAgentCall:269 - Clicked on FF answer
2018-08-03 15:33:35 DEBUG OutboundCallAnsPage:50 - Click on consult button
2018-08-03 15:33:35 DEBUG DialPadPage:93 - Clicked on 7
2018-08-03 15:33:35 DEBUG DialPadPage:78 - Clicked on 4
2018-08-03 15:33:35 DEBUG DialPadPage:103 - Clicked on 9
2018-08-03 15:33:36 DEBUG DialPadPage:103 - Clicked on 9
2018-08-03 15:33:36 DEBUG DialPadPage:73 - Clicked on 3
2018-08-03 15:33:36 DEBUG DialPadPage:88 - Clicked on 6
2018-08-03 15:33:37 DEBUG DialPadPage:123 - Clicked on callBtn
2018-08-03 15:33:40 DEBUG OutboundCallAnsPage:25 - Click on call answer button
2018-08-03 15:33:41 DEBUG OutboundCallAnsPage:98 - Click on first tab to do conference
2018-08-03 15:33:42 DEBUG baseClass:76 - chrome driver quit
2018-08-03 15:33:47 DEBUG baseClass:80 - firefox driver quit
2018-08-03 15:33:48 DEBUG baseClass:84 - Chrome2 driver quit
2018-08-03 19:26:05 DEBUG ExcelUtility:32 - Workbook : C:\Users\aditya.p\Desktop\Automate2\agentaSnapDemo\src\main\java\com\agentaDemo\resource\ExcelData.xlsxSheet nameAgentaTest
2018-08-03 19:26:05 DEBUG baseClass:46 - Excel File name is C:\Users\aditya.p\Desktop\Automate2\agentaSnapDemo\src\main\java\com\agentaDemo\resource\ExcelData.xlsx
2018-08-03 19:26:13 DEBUG baseClass:61 - chrome driver got initialized
2018-08-03 19:26:13 DEBUG baseClass:63 - set implicit wait
2018-08-03 19:26:28 DEBUG baseClass:70 - open : https://dzone.com/articles/creating-extent-reports-in-selenium-using-extent-a
2018-08-03 19:28:04 DEBUG baseClass:85 - chrome driver quit
2018-08-03 19:28:04 DEBUG ExcelUtility:83 - text begin
2018-08-03 19:28:04 DEBUG ExcelUtility:87 - text end
2018-08-03 19:28:04 DEBUG ExcelUtility:45 - Test Name is Test1
2018-08-03 19:28:04 DEBUG ExcelUtility:55 - Start row 1End Row 1Start Col 1End col 4
2018-08-03 19:28:07 DEBUG baseClass:61 - chrome driver got initialized
2018-08-03 19:28:07 DEBUG baseClass:63 - set implicit wait
2018-08-03 19:28:11 DEBUG baseClass:70 - open : https://localhost:8080/
2018-08-03 19:28:11 DEBUG NotReadyAgenttoAgentCall:172 - ChromeDriver: chrome on XP (285bf933243ea0844074023ed0eafb47)
2018-08-03 19:28:17 DEBUG LoginPage:37 - enter user id : 749939
2018-08-03 19:28:17 DEBUG LoginPage:42 - enter pwd : 123456
2018-08-03 19:28:18 DEBUG LoginPage:47 - enter Extension : 749939
2018-08-03 19:28:18 DEBUG LoginPage:52 - click SignIn button
2018-08-03 19:28:18 DEBUG NotReadyAgenttoAgentCall:185 - Sign in button clicked for Chrome
2018-08-03 19:28:54 DEBUG baseClass:85 - chrome driver quit
2018-08-03 19:28:54 DEBUG ExcelUtility:83 - text begin
2018-08-03 19:28:54 DEBUG ExcelUtility:87 - text end
2018-08-03 19:28:54 DEBUG ExcelUtility:45 - Test Name is Test2
2018-08-03 19:28:54 DEBUG ExcelUtility:55 - Start row 4End Row 4Start Col 1End col 10
2018-08-03 19:28:54 DEBUG NotReadyAgenttoAgentCall:201 - data provider called for test3
2018-08-03 19:28:57 DEBUG baseClass:61 - chrome driver got initialized
2018-08-03 19:28:57 DEBUG baseClass:63 - set implicit wait
2018-08-03 19:29:02 DEBUG baseClass:70 - open : https://localhost:8080/
2018-08-03 19:29:02 DEBUG NotReadyAgenttoAgentCall:217 - ChromeDriver: chrome on XP (cfa2d25b0f6c6e1d7edadb3c2ff5aca5)
2018-08-03 19:29:23 DEBUG DriverInstantiate:28 - firefox driver instantiate
2018-08-03 19:29:24 DEBUG baseClass:70 - open : https://localhost:8080/
2018-08-03 19:29:24 DEBUG NotReadyAgenttoAgentCall:225 - FirefoxDriver: firefox on XP (f0ead548-dff0-4a97-9d1b-42478c45c851)
2018-08-03 19:29:32 DEBUG DriverInstantiate:38 - Chrome driver instantiate
2018-08-03 19:29:32 DEBUG baseClass:70 - open : https://localhost:8080/
2018-08-03 19:29:32 DEBUG NotReadyAgenttoAgentCall:233 - ChromeDriver: chrome on XP (1c6feb12114cf7b8ff1192a2b4fb80f5)
2018-08-03 19:29:33 DEBUG LoginPage:37 - enter user id : 749939
2018-08-03 19:29:33 DEBUG LoginPage:42 - enter pwd : 123456
2018-08-03 19:29:33 DEBUG LoginPage:47 - enter Extension : 749939
2018-08-03 19:29:34 DEBUG LoginPage:52 - click SignIn button
2018-08-03 19:37:45 DEBUG ExcelUtility:32 - Workbook : C:\Users\aditya.p\Desktop\Automate2\agentaSnapDemo\src\main\java\com\agentaDemo\resource\ExcelData.xlsxSheet nameAgentaTest
2018-08-03 19:37:45 DEBUG baseClass:46 - Excel File name is C:\Users\aditya.p\Desktop\Automate2\agentaSnapDemo\src\main\java\com\agentaDemo\resource\ExcelData.xlsx
2018-08-03 19:37:52 DEBUG baseClass:61 - chrome driver got initialized
2018-08-03 19:37:52 DEBUG baseClass:63 - set implicit wait
2018-08-03 19:38:21 DEBUG baseClass:70 - open : https://dzone.com/articles/creating-extent-reports-in-selenium-using-extent-a
2018-08-03 19:38:48 DEBUG baseClass:85 - chrome driver quit
2018-08-03 19:38:48 DEBUG ExcelUtility:83 - text begin
2018-08-03 19:38:48 DEBUG ExcelUtility:87 - text end
2018-08-03 19:38:48 DEBUG ExcelUtility:45 - Test Name is Test1
2018-08-03 19:38:48 DEBUG ExcelUtility:55 - Start row 1End Row 1Start Col 1End col 4
2018-08-03 19:38:52 DEBUG baseClass:61 - chrome driver got initialized
2018-08-03 19:38:52 DEBUG baseClass:63 - set implicit wait
2018-08-03 19:38:56 DEBUG baseClass:70 - open : https://localhost:8080/
2018-08-03 19:38:56 DEBUG NotReadyAgenttoAgentCall:172 - ChromeDriver: chrome on XP (bc453898518007ff3461220b31dd5ef8)
2018-08-03 19:39:02 DEBUG LoginPage:37 - enter user id : 749939
2018-08-03 19:39:02 DEBUG LoginPage:42 - enter pwd : 123456
2018-08-03 19:39:03 DEBUG LoginPage:47 - enter Extension : 749939
2018-08-03 19:39:03 DEBUG LoginPage:52 - click SignIn button
2018-08-03 19:39:03 DEBUG NotReadyAgenttoAgentCall:185 - Sign in button clicked for Chrome
2018-08-03 19:39:37 DEBUG baseClass:85 - chrome driver quit
2018-08-03 19:41:35 DEBUG ExcelUtility:32 - Workbook : C:\Users\aditya.p\Desktop\Automate2\agentaSnapDemo\src\main\java\com\agentaDemo\resource\ExcelData.xlsxSheet nameAgentaTest
2018-08-03 19:41:35 DEBUG baseClass:46 - Excel File name is C:\Users\aditya.p\Desktop\Automate2\agentaSnapDemo\src\main\java\com\agentaDemo\resource\ExcelData.xlsx
2018-08-03 19:41:39 DEBUG baseClass:61 - chrome driver got initialized
2018-08-03 19:41:39 DEBUG baseClass:63 - set implicit wait
2018-08-03 19:42:06 DEBUG baseClass:70 - open : https://dzone.com/articles/creating-extent-reports-in-selenium-using-extent-a
2018-08-03 19:42:34 DEBUG baseClass:85 - chrome driver quit
2018-08-03 19:42:34 DEBUG ExcelUtility:83 - text begin
2018-08-03 19:42:34 DEBUG ExcelUtility:87 - text end
2018-08-03 19:42:34 DEBUG ExcelUtility:45 - Test Name is Test1
2018-08-03 19:42:34 DEBUG ExcelUtility:55 - Start row 1End Row 1Start Col 1End col 4
2018-08-03 19:42:37 DEBUG baseClass:61 - chrome driver got initialized
2018-08-03 19:42:37 DEBUG baseClass:63 - set implicit wait
2018-08-03 19:42:43 DEBUG baseClass:70 - open : https://localhost:8080/
2018-08-03 19:42:43 DEBUG NotReadyAgenttoAgentCall:172 - ChromeDriver: chrome on XP (27699f9263e0298077cf75af39efe25c)
2018-08-03 19:42:49 DEBUG LoginPage:37 - enter user id : 749939
2018-08-03 19:42:49 DEBUG LoginPage:42 - enter pwd : 123456
2018-08-03 19:42:50 DEBUG LoginPage:47 - enter Extension : 749939
2018-08-03 19:42:50 DEBUG LoginPage:52 - click SignIn button
2018-08-03 19:42:50 DEBUG NotReadyAgenttoAgentCall:185 - Sign in button clicked for Chrome
2018-08-03 19:43:24 DEBUG baseClass:85 - chrome driver quit
2018-08-03 19:47:11 DEBUG ExcelUtility:32 - Workbook : C:\Users\aditya.p\Desktop\Automate2\agentaSnapDemo\src\main\java\com\agentaDemo\resource\ExcelData.xlsxSheet nameAgentaTest
2018-08-03 19:47:11 DEBUG baseClass:46 - Excel File name is C:\Users\aditya.p\Desktop\Automate2\agentaSnapDemo\src\main\java\com\agentaDemo\resource\ExcelData.xlsx
2018-08-03 19:47:16 DEBUG baseClass:61 - chrome driver got initialized
2018-08-03 19:47:16 DEBUG baseClass:63 - set implicit wait
2018-08-03 19:47:57 DEBUG baseClass:70 - open : https://dzone.com/articles/creating-extent-reports-in-selenium-using-extent-a
2018-08-03 19:47:59 DEBUG baseClass:85 - chrome driver quit
2018-08-03 19:47:59 DEBUG ExcelUtility:83 - text begin
2018-08-03 19:47:59 DEBUG ExcelUtility:87 - text end
2018-08-03 19:47:59 DEBUG ExcelUtility:45 - Test Name is Test1
2018-08-03 19:47:59 DEBUG ExcelUtility:55 - Start row 1End Row 1Start Col 1End col 4
2018-08-03 19:48:02 DEBUG baseClass:61 - chrome driver got initialized
2018-08-03 19:48:02 DEBUG baseClass:63 - set implicit wait
2018-08-03 19:48:09 DEBUG baseClass:70 - open : https://localhost:8080/
2018-08-03 19:48:09 DEBUG NotReadyAgenttoAgentCall:172 - ChromeDriver: chrome on XP (9523825e232e5f275417b95663724ff5)
2018-08-03 19:48:14 DEBUG LoginPage:37 - enter user id : 749939
2018-08-03 19:48:15 DEBUG LoginPage:42 - enter pwd : 123456
2018-08-03 19:48:15 DEBUG LoginPage:47 - enter Extension : 749939
2018-08-03 19:48:16 DEBUG LoginPage:52 - click SignIn button
2018-08-03 19:48:16 DEBUG NotReadyAgenttoAgentCall:185 - Sign in button clicked for Chrome
2018-08-03 19:48:50 DEBUG baseClass:85 - chrome driver quit
2018-08-03 20:19:22 DEBUG ExcelUtility:32 - Workbook : C:\Users\aditya.p\Desktop\Automate2\agentaSnapDemo\src\main\java\com\agentaDemo\resource\ExcelData.xlsxSheet nameAgentaTest
2018-08-03 20:19:22 DEBUG baseClass:43 - Excel File name is C:\Users\aditya.p\Desktop\Automate2\agentaSnapDemo\src\main\java\com\agentaDemo\resource\ExcelData.xlsx
2018-08-03 20:19:28 DEBUG baseClass:58 - chrome driver got initialized
2018-08-03 20:19:28 DEBUG baseClass:60 - set implicit wait
2018-08-03 20:20:17 DEBUG baseClass:67 - open : https://dzone.com/articles/creating-extent-reports-in-selenium-using-extent-a
2018-08-03 20:20:18 DEBUG baseClass:82 - chrome driver quit
2018-08-03 20:20:18 DEBUG ExcelUtility:83 - text begin
2018-08-03 20:20:18 DEBUG ExcelUtility:87 - text end
2018-08-03 20:20:18 DEBUG ExcelUtility:45 - Test Name is Test1
2018-08-03 20:20:18 DEBUG ExcelUtility:55 - Start row 1End Row 1Start Col 1End col 4
2018-08-03 20:20:21 DEBUG baseClass:58 - chrome driver got initialized
2018-08-03 20:20:21 DEBUG baseClass:60 - set implicit wait
2018-08-03 20:20:25 DEBUG baseClass:67 - open : https://localhost:8080/
2018-08-03 20:20:25 DEBUG NotReadyAgenttoAgentCall:172 - ChromeDriver: chrome on XP (0266a32419517df695397b630825c589)
2018-08-03 20:20:30 DEBUG LoginPage:37 - enter user id : 749939
2018-08-03 20:20:35 DEBUG baseClass:82 - chrome driver quit
2018-08-03 20:26:34 DEBUG ExcelUtility:32 - Workbook : C:\Users\aditya.p\Desktop\Automate2\agentaSnapDemo\src\main\java\com\agentaDemo\resource\ExcelData.xlsxSheet nameAgentaTest
2018-08-03 20:26:34 DEBUG baseClass:43 - Excel File name is C:\Users\aditya.p\Desktop\Automate2\agentaSnapDemo\src\main\java\com\agentaDemo\resource\ExcelData.xlsx
2018-08-03 20:26:40 DEBUG baseClass:58 - chrome driver got initialized
2018-08-03 20:26:40 DEBUG baseClass:60 - set implicit wait
2018-08-03 20:26:51 DEBUG baseClass:67 - open : https://dzone.com/articles/creating-extent-reports-in-selenium-using-extent-a
2018-08-03 20:26:52 DEBUG baseClass:82 - chrome driver quit
2018-08-03 20:26:52 DEBUG ExcelUtility:83 - text begin
2018-08-03 20:26:52 DEBUG ExcelUtility:87 - text end
2018-08-03 20:26:52 DEBUG ExcelUtility:45 - Test Name is Test1
2018-08-03 20:26:52 DEBUG ExcelUtility:55 - Start row 1End Row 1Start Col 1End col 4
2018-08-03 20:26:55 DEBUG baseClass:58 - chrome driver got initialized
2018-08-03 20:26:55 DEBUG baseClass:60 - set implicit wait
2018-08-03 20:27:00 DEBUG baseClass:67 - open : https://localhost:8080/
2018-08-03 20:27:00 DEBUG NotReadyAgenttoAgentCall:172 - ChromeDriver: chrome on XP (525e83bedc9aa681738bc08c6d4b9c5c)
2018-08-03 20:27:05 DEBUG LoginPage:37 - enter user id : 749939
2018-08-03 20:27:05 DEBUG LoginPage:42 - enter pwd : 123456
2018-08-03 20:27:11 DEBUG baseClass:82 - chrome driver quit
